[ 2015-05-19T11:09:21+08:00 ] 192.168.16.56 /login/login/sessionVarify
INFO: [ app_init ] --START--
INFO: Run Behavior\BuildLiteBehavior [ RunTime:0.000024s ]
INFO: [ app_init ] --END-- [ RunTime:0.000452s ]
INFO: [ app_begin ] --START--
INFO: Run Behavior\ReadHtmlCacheBehavior [ RunTime:0.000562s ]
INFO: [ app_begin ] --END-- [ RunTime:0.000656s ]

[ 2015-05-19T11:09:23+08:00 ] 192.168.16.56 /login/login/varify
INFO: [ app_init ] --START--
INFO: Run Behavior\BuildLiteBehavior [ RunTime:0.000023s ]
INFO: [ app_init ] --END-- [ RunTime:0.000452s ]
INFO: [ app_begin ] --START--
INFO: Run Behavior\ReadHtmlCacheBehavior [ RunTime:0.000577s ]
INFO: [ app_begin ] --END-- [ RunTime:0.000669s ]
SQL: SHOW COLUMNS FROM `t_user` [ RunTime:0.0017s ]
SQL: SELECT * FROM t_user WHERE user_name = 'steptian' AND user_psw = '21232f297a57a5a743894a0e4a801fc3' AND `status` = 1 [ RunTime:0.0005s ]
SQL: SHOW COLUMNS FROM `t_login_flow` [ RunTime:0.0014s ]
SQL: INSERT INTO `t_login_flow` (`user_name`,`login_time`,`login_status`) VALUES ('steptian','2015-05-19 11:09:23','1') [ RunTime:0.0091s ]

[ 2015-05-19T11:09:23+08:00 ] 192.168.16.56 /login/login/sessionVarify
INFO: [ app_init ] --START--
INFO: Run Behavior\BuildLiteBehavior [ RunTime:0.000023s ]
INFO: [ app_init ] --END-- [ RunTime:0.000453s ]
INFO: [ app_begin ] --START--
INFO: Run Behavior\ReadHtmlCacheBehavior [ RunTime:0.000569s ]
INFO: [ app_begin ] --END-- [ RunTime:0.000661s ]

