[ 2015-05-19T11:09:21+08:00 ] 192.168.16.56 /edit/list/newsList
INFO: [ app_init ] --START--
INFO: Run Behavior\BuildLiteBehavior [ RunTime:0.000022s ]
INFO: [ app_init ] --END-- [ RunTime:0.000449s ]
INFO: [ app_begin ] --START--
INFO: Run Behavior\ReadHtmlCacheBehavior [ RunTime:0.000570s ]
INFO: [ app_begin ] --END-- [ RunTime:0.000661s ]
SQL: SHOW COLUMNS FROM `t_info_raw` [ RunTime:0.0018s ]
SQL: SET NAMES 'utf8'; [ RunTime:0.0002s ]
SQL: SELECT id, title, `status` FROM t_info_raw ORDER BY `status` LIMIT 0, 20 [ RunTime:0.0007s ]
SQL: SELECT count(1) as total FROM t_info_raw where 1=1  [ RunTime:0.0004s ]

[ 2015-05-19T11:09:21+08:00 ] 192.168.16.56 /edit/list/getsource
INFO: [ app_init ] --START--
INFO: Run Behavior\BuildLiteBehavior [ RunTime:0.000023s ]
INFO: [ app_init ] --END-- [ RunTime:0.000458s ]
INFO: [ app_begin ] --START--
INFO: Run Behavior\ReadHtmlCacheBehavior [ RunTime:0.000578s ]
INFO: [ app_begin ] --END-- [ RunTime:0.000670s ]
SQL: SHOW COLUMNS FROM `t_info_raw` [ RunTime:0.0017s ]
SQL: SET NAMES 'utf8'; [ RunTime:0.0002s ]
SQL: SELECT distinct source FROM t_info_raw; [ RunTime:0.0008s ]

[ 2015-05-19T11:09:23+08:00 ] 192.168.16.56 /edit/list/newsList
INFO: [ app_init ] --START--
INFO: Run Behavior\BuildLiteBehavior [ RunTime:0.000023s ]
INFO: [ app_init ] --END-- [ RunTime:0.000441s ]
INFO: [ app_begin ] --START--
INFO: Run Behavior\ReadHtmlCacheBehavior [ RunTime:0.000553s ]
INFO: [ app_begin ] --END-- [ RunTime:0.000643s ]
SQL: SHOW COLUMNS FROM `t_info_raw` [ RunTime:0.0018s ]
SQL: SET NAMES 'utf8'; [ RunTime:0.0002s ]
SQL: SELECT id, title, `status` FROM t_info_raw ORDER BY `status` LIMIT 0, 20 [ RunTime:0.0007s ]
SQL: SELECT count(1) as total FROM t_info_raw where 1=1  [ RunTime:0.0004s ]

[ 2015-05-19T11:09:23+08:00 ] 192.168.16.56 /edit/list/getsource
INFO: [ app_init ] --START--
INFO: Run Behavior\BuildLiteBehavior [ RunTime:0.000022s ]
INFO: [ app_init ] --END-- [ RunTime:0.000439s ]
INFO: [ app_begin ] --START--
INFO: Run Behavior\ReadHtmlCacheBehavior [ RunTime:0.000563s ]
INFO: [ app_begin ] --END-- [ RunTime:0.000664s ]
SQL: SHOW COLUMNS FROM `t_info_raw` [ RunTime:0.0017s ]
SQL: SET NAMES 'utf8'; [ RunTime:0.0002s ]
SQL: SELECT distinct source FROM t_info_raw; [ RunTime:0.0008s ]

[ 2015-05-19T11:09:30+08:00 ] 192.168.16.56 /edit/list/newsList
INFO: [ app_init ] --START--
INFO: Run Behavior\BuildLiteBehavior [ RunTime:0.000023s ]
INFO: [ app_init ] --END-- [ RunTime:0.000442s ]
INFO: [ app_begin ] --START--
INFO: Run Behavior\ReadHtmlCacheBehavior [ RunTime:0.000574s ]
INFO: [ app_begin ] --END-- [ RunTime:0.000668s ]
SQL: SHOW COLUMNS FROM `t_info_raw` [ RunTime:0.0018s ]
SQL: SET NAMES 'utf8'; [ RunTime:0.0002s ]
SQL: SELECT id, title, `status` FROM t_info_raw ORDER BY `status` LIMIT 60, 20 [ RunTime:0.0009s ]
SQL: SELECT count(1) as total FROM t_info_raw where 1=1  [ RunTime:0.0004s ]

[ 2015-05-19T11:09:31+08:00 ] 192.168.16.56 /edit/list/newsList
INFO: [ app_init ] --START--
INFO: Run Behavior\BuildLiteBehavior [ RunTime:0.000023s ]
INFO: [ app_init ] --END-- [ RunTime:0.000441s ]
INFO: [ app_begin ] --START--
INFO: Run Behavior\ReadHtmlCacheBehavior [ RunTime:0.000558s ]
INFO: [ app_begin ] --END-- [ RunTime:0.000650s ]
SQL: SHOW COLUMNS FROM `t_info_raw` [ RunTime:0.0017s ]
SQL: SET NAMES 'utf8'; [ RunTime:0.0002s ]
SQL: SELECT id, title, `status` FROM t_info_raw ORDER BY `status` LIMIT 20, 20 [ RunTime:0.0008s ]
SQL: SELECT count(1) as total FROM t_info_raw where 1=1  [ RunTime:0.0004s ]

[ 2015-05-19T11:09:34+08:00 ] 192.168.16.56 /edit/list/newsList
INFO: [ app_init ] --START--
INFO: Run Behavior\BuildLiteBehavior [ RunTime:0.000023s ]
INFO: [ app_init ] --END-- [ RunTime:0.000453s ]
INFO: [ app_begin ] --START--
INFO: Run Behavior\ReadHtmlCacheBehavior [ RunTime:0.000571s ]
INFO: [ app_begin ] --END-- [ RunTime:0.000661s ]
SQL: SHOW COLUMNS FROM `t_info_raw` [ RunTime:0.0018s ]
SQL: SET NAMES 'utf8'; [ RunTime:0.0002s ]
SQL: SELECT id, title, `status` FROM t_info_raw ORDER BY `status` LIMIT 0, 20 [ RunTime:0.0007s ]
SQL: SELECT count(1) as total FROM t_info_raw where 1=1  [ RunTime:0.0004s ]

