[ 2015-06-19T16:25:41+08:00 ] 192.168.16.52 /edit/list/getsource
INFO: [ app_init ] --START--
INFO: Run Behavior\BuildLiteBehavior [ RunTime:0.000022s ]
INFO: [ app_init ] --END-- [ RunTime:0.000433s ]
INFO: [ app_begin ] --START--
INFO: Run Behavior\ReadHtmlCacheBehavior [ RunTime:0.000594s ]
INFO: [ app_begin ] --END-- [ RunTime:0.000688s ]
SQL: SHOW COLUMNS FROM `t_info_raw` [ RunTime:0.0605s ]
SQL: SET NAMES 'utf8'; [ RunTime:0.0002s ]
SQL: SELECT distinct source FROM t_info_raw; [ RunTime:0.0252s ]

[ 2015-06-19T16:25:41+08:00 ] 192.168.16.52 /edit/list/newsList
INFO: [ app_init ] --START--
INFO: Run Behavior\BuildLiteBehavior [ RunTime:0.000023s ]
INFO: [ app_init ] --END-- [ RunTime:0.000448s ]
INFO: [ app_begin ] --START--
INFO: Run Behavior\ReadHtmlCacheBehavior [ RunTime:0.000556s ]
INFO: [ app_begin ] --END-- [ RunTime:0.000646s ]
SQL: SHOW COLUMNS FROM `t_info_raw` [ RunTime:0.0014s ]
SQL: SET NAMES 'utf8'; [ RunTime:0.0002s ]
SQL: SELECT id, title, `status`,pub_date FROM t_info_raw ORDER BY `status` LIMIT 0, 20 [ RunTime:0.0018s ]
SQL: SELECT count(1) as total FROM t_info_raw where 1=1  [ RunTime:0.0006s ]

[ 2015-06-19T16:26:11+08:00 ] 192.168.16.52 /edit/list/getsource
INFO: [ app_init ] --START--
INFO: Run Behavior\BuildLiteBehavior [ RunTime:0.000022s ]
INFO: [ app_init ] --END-- [ RunTime:0.000433s ]
INFO: [ app_begin ] --START--
INFO: Run Behavior\ReadHtmlCacheBehavior [ RunTime:0.000556s ]
INFO: [ app_begin ] --END-- [ RunTime:0.000644s ]
SQL: SHOW COLUMNS FROM `t_info_raw` [ RunTime:0.0014s ]
SQL: SET NAMES 'utf8'; [ RunTime:0.0002s ]
SQL: SELECT distinct source FROM t_info_raw; [ RunTime:0.0025s ]

[ 2015-06-19T16:26:11+08:00 ] 192.168.16.52 /edit/list/newsList
INFO: [ app_init ] --START--
INFO: Run Behavior\BuildLiteBehavior [ RunTime:0.000033s ]
INFO: [ app_init ] --END-- [ RunTime:0.000444s ]
INFO: [ app_begin ] --START--
INFO: Run Behavior\ReadHtmlCacheBehavior [ RunTime:0.000552s ]
INFO: [ app_begin ] --END-- [ RunTime:0.000641s ]
SQL: SHOW COLUMNS FROM `t_info_raw` [ RunTime:0.0014s ]
SQL: SET NAMES 'utf8'; [ RunTime:0.0002s ]
SQL: SELECT id, title, `status`,pub_date FROM t_info_raw ORDER BY `status` LIMIT 0, 20 [ RunTime:0.0019s ]
SQL: SELECT count(1) as total FROM t_info_raw where 1=1  [ RunTime:0.0006s ]

[ 2015-06-19T16:27:37+08:00 ] 192.168.16.52 /edit/list/getsource
INFO: [ app_init ] --START--
INFO: Run Behavior\BuildLiteBehavior [ RunTime:0.000022s ]
INFO: [ app_init ] --END-- [ RunTime:0.000436s ]
INFO: [ app_begin ] --START--
INFO: Run Behavior\ReadHtmlCacheBehavior [ RunTime:0.000558s ]
INFO: [ app_begin ] --END-- [ RunTime:0.000647s ]
SQL: SHOW COLUMNS FROM `t_info_raw` [ RunTime:0.0014s ]
SQL: SET NAMES 'utf8'; [ RunTime:0.0002s ]
SQL: SELECT distinct source FROM t_info_raw; [ RunTime:0.0026s ]

[ 2015-06-19T16:27:37+08:00 ] 192.168.16.52 /edit/list/newsList
INFO: [ app_init ] --START--
INFO: Run Behavior\BuildLiteBehavior [ RunTime:0.000022s ]
INFO: [ app_init ] --END-- [ RunTime:0.000433s ]
INFO: [ app_begin ] --START--
INFO: Run Behavior\ReadHtmlCacheBehavior [ RunTime:0.000547s ]
INFO: [ app_begin ] --END-- [ RunTime:0.000641s ]
SQL: SHOW COLUMNS FROM `t_info_raw` [ RunTime:0.0014s ]
SQL: SET NAMES 'utf8'; [ RunTime:0.0002s ]
SQL: SELECT id, title, `status`,pub_date FROM t_info_raw ORDER BY `status` LIMIT 0, 20 [ RunTime:0.0015s ]
SQL: SELECT count(1) as total FROM t_info_raw where 1=1  [ RunTime:0.0006s ]

[ 2015-06-19T16:27:50+08:00 ] 192.168.16.52 /edit/list/getsource
INFO: [ app_init ] --START--
INFO: Run Behavior\BuildLiteBehavior [ RunTime:0.000022s ]
INFO: [ app_init ] --END-- [ RunTime:0.000447s ]
INFO: [ app_begin ] --START--
INFO: Run Behavior\ReadHtmlCacheBehavior [ RunTime:0.000574s ]
INFO: [ app_begin ] --END-- [ RunTime:0.000663s ]
SQL: SHOW COLUMNS FROM `t_info_raw` [ RunTime:0.0015s ]
SQL: SET NAMES 'utf8'; [ RunTime:0.0002s ]
SQL: SELECT distinct source FROM t_info_raw; [ RunTime:0.0025s ]

[ 2015-06-19T16:27:51+08:00 ] 192.168.16.52 /edit/list/newsList
INFO: [ app_init ] --START--
INFO: Run Behavior\BuildLiteBehavior [ RunTime:0.000023s ]
INFO: [ app_init ] --END-- [ RunTime:0.000446s ]
INFO: [ app_begin ] --START--
INFO: Run Behavior\ReadHtmlCacheBehavior [ RunTime:0.000572s ]
INFO: [ app_begin ] --END-- [ RunTime:0.000663s ]
SQL: SHOW COLUMNS FROM `t_info_raw` [ RunTime:0.0013s ]
SQL: SET NAMES 'utf8'; [ RunTime:0.0002s ]
SQL: SELECT id, title, `status`,pub_date FROM t_info_raw ORDER BY `status` LIMIT 0, 20 [ RunTime:0.0020s ]
SQL: SELECT count(1) as total FROM t_info_raw where 1=1  [ RunTime:0.0006s ]

