[ 2015-06-23T15:23:05+08:00 ] 192.168.16.46 /edit/list/newsList
INFO: [ app_init ] --START--
INFO: Run Behavior\BuildLiteBehavior [ RunTime:0.000022s ]
INFO: [ app_init ] --END-- [ RunTime:0.000432s ]
INFO: [ app_begin ] --START--
INFO: Run Behavior\ReadHtmlCacheBehavior [ RunTime:0.000548s ]
INFO: [ app_begin ] --END-- [ RunTime:0.000650s ]
SQL: SHOW COLUMNS FROM `t_info_raw` [ RunTime:0.0015s ]
SQL: SET NAMES 'utf8'; [ RunTime:0.0002s ]
SQL: SELECT id, title, `status`,pub_date FROM t_info_raw ORDER BY `status` LIMIT 0, 20 [ RunTime:0.0020s ]
SQL: SELECT count(1) as total FROM t_info_raw where 1=1  [ RunTime:0.0006s ]

[ 2015-06-23T15:23:05+08:00 ] 192.168.16.46 /edit/list/getsource
INFO: [ app_init ] --START--
INFO: Run Behavior\BuildLiteBehavior [ RunTime:0.000022s ]
INFO: [ app_init ] --END-- [ RunTime:0.000449s ]
INFO: [ app_begin ] --START--
INFO: Run Behavior\ReadHtmlCacheBehavior [ RunTime:0.000563s ]
INFO: [ app_begin ] --END-- [ RunTime:0.000651s ]
SQL: SHOW COLUMNS FROM `t_info_raw` [ RunTime:0.0014s ]
SQL: SET NAMES 'utf8'; [ RunTime:0.0002s ]
SQL: SELECT distinct source FROM t_info_raw; [ RunTime:0.0024s ]

[ 2015-06-23T17:01:32+08:00 ] 192.168.16.15 /edit/list/getsource
INFO: [ app_init ] --START--
INFO: Run Behavior\BuildLiteBehavior [ RunTime:0.000022s ]
INFO: [ app_init ] --END-- [ RunTime:0.000438s ]
INFO: [ app_begin ] --START--
INFO: Run Behavior\ReadHtmlCacheBehavior [ RunTime:0.000575s ]
INFO: [ app_begin ] --END-- [ RunTime:0.000664s ]
SQL: SHOW COLUMNS FROM `t_info_raw` [ RunTime:0.0015s ]
SQL: SET NAMES 'utf8'; [ RunTime:0.0002s ]
SQL: SELECT distinct source FROM t_info_raw; [ RunTime:0.0024s ]

[ 2015-06-23T17:01:32+08:00 ] 192.168.16.15 /edit/list/newsList
INFO: [ app_init ] --START--
INFO: Run Behavior\BuildLiteBehavior [ RunTime:0.000022s ]
INFO: [ app_init ] --END-- [ RunTime:0.000438s ]
INFO: [ app_begin ] --START--
INFO: Run Behavior\ReadHtmlCacheBehavior [ RunTime:0.000561s ]
INFO: [ app_begin ] --END-- [ RunTime:0.000651s ]
SQL: SHOW COLUMNS FROM `t_info_raw` [ RunTime:0.0014s ]
SQL: SET NAMES 'utf8'; [ RunTime:0.0002s ]
SQL: SELECT id, title, `status`,pub_date FROM t_info_raw ORDER BY `status` LIMIT 0, 20 [ RunTime:0.0012s ]
SQL: SELECT count(1) as total FROM t_info_raw where 1=1  [ RunTime:0.0006s ]

[ 2015-06-23T17:19:47+08:00 ] 192.168.16.46 /edit/list/newsList
INFO: [ app_init ] --START--
INFO: Run Behavior\BuildLiteBehavior [ RunTime:0.000022s ]
INFO: [ app_init ] --END-- [ RunTime:0.000456s ]
INFO: [ app_begin ] --START--
INFO: Run Behavior\ReadHtmlCacheBehavior [ RunTime:0.000564s ]
INFO: [ app_begin ] --END-- [ RunTime:0.000654s ]
SQL: SHOW COLUMNS FROM `t_info_raw` [ RunTime:0.0014s ]
SQL: SET NAMES 'utf8'; [ RunTime:0.0002s ]
SQL: SELECT id, title, `status`,pub_date FROM t_info_raw ORDER BY `status` LIMIT 0, 20 [ RunTime:0.0327s ]
SQL: SELECT count(1) as total FROM t_info_raw where 1=1  [ RunTime:0.0006s ]

[ 2015-06-23T17:19:47+08:00 ] 192.168.16.46 /edit/list/getsource
INFO: [ app_init ] --START--
INFO: Run Behavior\BuildLiteBehavior [ RunTime:0.000022s ]
INFO: [ app_init ] --END-- [ RunTime:0.000448s ]
INFO: [ app_begin ] --START--
INFO: Run Behavior\ReadHtmlCacheBehavior [ RunTime:0.000570s ]
INFO: [ app_begin ] --END-- [ RunTime:0.000659s ]
SQL: SHOW COLUMNS FROM `t_info_raw` [ RunTime:0.0014s ]
SQL: SET NAMES 'utf8'; [ RunTime:0.0002s ]
SQL: SELECT distinct source FROM t_info_raw; [ RunTime:0.0024s ]

