[ 2015-05-19T10:50:43+08:00 ] 192.168.16.55 /favicon.ico
INFO: [ app_init ] --START--
INFO: Run Behavior\BuildLiteBehavior [ RunTime:0.000023s ]
INFO: [ app_init ] --END-- [ RunTime:0.000446s ]
ERR: 无法加载模块:Favicon

[ 2015-05-19T10:58:22+08:00 ] 192.168.16.55 /res/News/20150519_cma_1424151536102.jpg
INFO: [ app_init ] --START--
INFO: Run Behavior\BuildLiteBehavior [ RunTime:0.000023s ]
INFO: [ app_init ] --END-- [ RunTime:0.000443s ]
ERR: 无法加载模块:Res

[ 2015-05-19T10:58:22+08:00 ] 192.168.16.55 /res/News/20150519_cma_1424151679700.jpg
INFO: [ app_init ] --START--
INFO: Run Behavior\BuildLiteBehavior [ RunTime:0.000022s ]
INFO: [ app_init ] --END-- [ RunTime:0.000438s ]
ERR: 无法加载模块:Res

[ 2015-05-19T10:58:22+08:00 ] 192.168.16.55 /res/News/20150519_cma_1424151679720.jpg
INFO: [ app_init ] --START--
INFO: Run Behavior\BuildLiteBehavior [ RunTime:0.000022s ]
INFO: [ app_init ] --END-- [ RunTime:0.000453s ]
ERR: 无法加载模块:Res

[ 2015-05-19T10:58:22+08:00 ] 192.168.16.55 /res/News/20150519_cma_1431311167287.jpg
INFO: [ app_init ] --START--
INFO: Run Behavior\BuildLiteBehavior [ RunTime:0.000022s ]
INFO: [ app_init ] --END-- [ RunTime:0.000443s ]
ERR: 无法加载模块:Res

[ 2015-05-19T10:58:22+08:00 ] 192.168.16.55 /res/News/20150519_cma_1425349737989.JPG
INFO: [ app_init ] --START--
INFO: Run Behavior\BuildLiteBehavior [ RunTime:0.000023s ]
INFO: [ app_init ] --END-- [ RunTime:0.000439s ]
ERR: 无法加载模块:Res

[ 2015-05-19T10:58:22+08:00 ] 192.168.16.55 /res/News/20150519_cma_1425350017841.JPG
INFO: [ app_init ] --START--
INFO: Run Behavior\BuildLiteBehavior [ RunTime:0.000036s ]
INFO: [ app_init ] --END-- [ RunTime:0.000549s ]
ERR: 无法加载模块:Res

[ 2015-05-19T10:58:22+08:00 ] 192.168.16.55 /res/News/20150519_cma_1423964468985.jpg
INFO: [ app_init ] --START--
INFO: Run Behavior\BuildLiteBehavior [ RunTime:0.000023s ]
INFO: [ app_init ] --END-- [ RunTime:0.000438s ]
ERR: 无法加载模块:Res

[ 2015-05-19T10:58:22+08:00 ] 192.168.16.55 /res/News/20150519_cma_1422947536311.jpg
INFO: [ app_init ] --START--
INFO: Run Behavior\BuildLiteBehavior [ RunTime:0.000022s ]
INFO: [ app_init ] --END-- [ RunTime:0.000436s ]
ERR: 无法加载模块:Res

[ 2015-05-19T10:58:22+08:00 ] 192.168.16.55 /res/News/20150519_cma_1424151679711.jpg
INFO: [ app_init ] --START--
INFO: Run Behavior\BuildLiteBehavior [ RunTime:0.000022s ]
INFO: [ app_init ] --END-- [ RunTime:0.000451s ]
ERR: 无法加载模块:Res

[ 2015-05-19T10:58:22+08:00 ] 192.168.16.55 /res/News/20150519_cma_1425349737976.JPG
INFO: [ app_init ] --START--
INFO: Run Behavior\BuildLiteBehavior [ RunTime:0.000022s ]
INFO: [ app_init ] --END-- [ RunTime:0.000455s ]
ERR: 无法加载模块:Res

[ 2015-05-19T10:58:22+08:00 ] 192.168.16.55 /res/News/20150519_cma_1424151679730.jpg
INFO: [ app_init ] --START--
INFO: Run Behavior\BuildLiteBehavior [ RunTime:0.000023s ]
INFO: [ app_init ] --END-- [ RunTime:0.000438s ]
ERR: 无法加载模块:Res

[ 2015-05-19T10:58:22+08:00 ] 192.168.16.55 /res/News/20150519_cma_1431310999939.jpg
INFO: [ app_init ] --START--
INFO: Run Behavior\BuildLiteBehavior [ RunTime:0.000024s ]
INFO: [ app_init ] --END-- [ RunTime:0.000442s ]
ERR: 无法加载模块:Res

[ 2015-05-19T11:12:29+08:00 ] 192.168.16.55 /favicon.ico
INFO: [ app_init ] --START--
INFO: Run Behavior\BuildLiteBehavior [ RunTime:0.000023s ]
INFO: [ app_init ] --END-- [ RunTime:0.000433s ]
ERR: 无法加载模块:Favicon

[ 2015-05-19T11:12:29+08:00 ] 192.168.16.55 /favicon.ico
INFO: [ app_init ] --START--
INFO: Run Behavior\BuildLiteBehavior [ RunTime:0.000023s ]
INFO: [ app_init ] --END-- [ RunTime:0.000435s ]
ERR: 无法加载模块:Favicon

[ 2015-05-19T11:17:51+08:00 ] 192.168.16.55 /res/News/20150519_cma_1424151536102.jpg
INFO: [ app_init ] --START--
INFO: Run Behavior\BuildLiteBehavior [ RunTime:0.000023s ]
INFO: [ app_init ] --END-- [ RunTime:0.000436s ]
ERR: 无法加载模块:Res

[ 2015-05-19T11:17:51+08:00 ] 192.168.16.55 /res/News/20150519_cma_1424151679700.jpg
INFO: [ app_init ] --START--
INFO: Run Behavior\BuildLiteBehavior [ RunTime:0.000023s ]
INFO: [ app_init ] --END-- [ RunTime:0.000448s ]
ERR: 无法加载模块:Res

[ 2015-05-19T11:17:51+08:00 ] 192.168.16.55 /res/News/20150519_cma_1424151679720.jpg
INFO: [ app_init ] --START--
INFO: Run Behavior\BuildLiteBehavior [ RunTime:0.000023s ]
INFO: [ app_init ] --END-- [ RunTime:0.000438s ]
ERR: 无法加载模块:Res

[ 2015-05-19T11:17:51+08:00 ] 192.168.16.55 /res/News/20150519_cma_1424151679730.jpg
INFO: [ app_init ] --START--
INFO: Run Behavior\BuildLiteBehavior [ RunTime:0.000022s ]
INFO: [ app_init ] --END-- [ RunTime:0.000438s ]
ERR: 无法加载模块:Res

[ 2015-05-19T11:17:51+08:00 ] 192.168.16.55 /res/News/20150519_cma_1431310999939.jpg
INFO: [ app_init ] --START--
INFO: Run Behavior\BuildLiteBehavior [ RunTime:0.000023s ]
INFO: [ app_init ] --END-- [ RunTime:0.000435s ]
ERR: 无法加载模块:Res

[ 2015-05-19T11:17:51+08:00 ] 192.168.16.55 /res/News/20150519_cma_1424151679711.jpg
INFO: [ app_init ] --START--
INFO: Run Behavior\BuildLiteBehavior [ RunTime:0.000023s ]
INFO: [ app_init ] --END-- [ RunTime:0.000440s ]
ERR: 无法加载模块:Res

[ 2015-05-19T11:17:51+08:00 ] 192.168.16.55 /res/News/20150519_cma_1425349737989.JPG
INFO: [ app_init ] --START--
INFO: Run Behavior\BuildLiteBehavior [ RunTime:0.000024s ]
INFO: [ app_init ] --END-- [ RunTime:0.000458s ]
ERR: 无法加载模块:Res

[ 2015-05-19T11:17:51+08:00 ] 192.168.16.55 /res/News/20150519_cma_1423964468985.jpg
INFO: [ app_init ] --START--
INFO: Run Behavior\BuildLiteBehavior [ RunTime:0.000023s ]
INFO: [ app_init ] --END-- [ RunTime:0.000435s ]
ERR: 无法加载模块:Res

[ 2015-05-19T11:17:51+08:00 ] 192.168.16.55 /res/News/20150519_cma_1425350017841.JPG
INFO: [ app_init ] --START--
INFO: Run Behavior\BuildLiteBehavior [ RunTime:0.000022s ]
INFO: [ app_init ] --END-- [ RunTime:0.000433s ]
ERR: 无法加载模块:Res

[ 2015-05-19T11:17:51+08:00 ] 192.168.16.55 /res/News/20150519_cma_1425349737976.JPG
INFO: [ app_init ] --START--
INFO: Run Behavior\BuildLiteBehavior [ RunTime:0.000022s ]
INFO: [ app_init ] --END-- [ RunTime:0.000456s ]
ERR: 无法加载模块:Res

[ 2015-05-19T11:17:51+08:00 ] 192.168.16.55 /res/News/20150519_cma_1431311167287.jpg
INFO: [ app_init ] --START--
INFO: Run Behavior\BuildLiteBehavior [ RunTime:0.000023s ]
INFO: [ app_init ] --END-- [ RunTime:0.000437s ]
ERR: 无法加载模块:Res

[ 2015-05-19T11:17:51+08:00 ] 192.168.16.55 /res/News/20150519_cma_1422947536311.jpg
INFO: [ app_init ] --START--
INFO: Run Behavior\BuildLiteBehavior [ RunTime:0.000022s ]
INFO: [ app_init ] --END-- [ RunTime:0.000435s ]
ERR: 无法加载模块:Res

[ 2015-05-19T11:17:51+08:00 ] 192.168.16.55 /favicon.ico
INFO: [ app_init ] --START--
INFO: Run Behavior\BuildLiteBehavior [ RunTime:0.000023s ]
INFO: [ app_init ] --END-- [ RunTime:0.000449s ]
ERR: 无法加载模块:Favicon

[ 2015-05-19T11:17:51+08:00 ] 192.168.16.55 /res/News/20150519_cma_1424151679700.jpg
INFO: [ app_init ] --START--
INFO: Run Behavior\BuildLiteBehavior [ RunTime:0.000023s ]
INFO: [ app_init ] --END-- [ RunTime:0.000456s ]
ERR: 无法加载模块:Res

[ 2015-05-19T11:17:51+08:00 ] 192.168.16.55 /res/News/20150519_cma_1424151679730.jpg
INFO: [ app_init ] --START--
INFO: Run Behavior\BuildLiteBehavior [ RunTime:0.000022s ]
INFO: [ app_init ] --END-- [ RunTime:0.000437s ]
ERR: 无法加载模块:Res

[ 2015-05-19T11:17:51+08:00 ] 192.168.16.55 /res/News/20150519_cma_1424151679720.jpg
INFO: [ app_init ] --START--
INFO: Run Behavior\BuildLiteBehavior [ RunTime:0.000023s ]
INFO: [ app_init ] --END-- [ RunTime:0.000444s ]
ERR: 无法加载模块:Res

[ 2015-05-19T11:17:52+08:00 ] 192.168.16.55 /res/News/20150519_cma_1424151536102.jpg
INFO: [ app_init ] --START--
INFO: Run Behavior\BuildLiteBehavior [ RunTime:0.000023s ]
INFO: [ app_init ] --END-- [ RunTime:0.000435s ]
ERR: 无法加载模块:Res

[ 2015-05-19T11:17:52+08:00 ] 192.168.16.55 /res/News/20150519_cma_1424151679711.jpg
INFO: [ app_init ] --START--
INFO: Run Behavior\BuildLiteBehavior [ RunTime:0.000023s ]
INFO: [ app_init ] --END-- [ RunTime:0.000449s ]
ERR: 无法加载模块:Res

[ 2015-05-19T11:17:52+08:00 ] 192.168.16.55 /favicon.ico
INFO: [ app_init ] --START--
INFO: Run Behavior\BuildLiteBehavior [ RunTime:0.000022s ]
INFO: [ app_init ] --END-- [ RunTime:0.000441s ]
ERR: 无法加载模块:Favicon

[ 2015-05-19T11:17:52+08:00 ] 192.168.16.55 /res/News/20150519_cma_1425349737976.JPG
INFO: [ app_init ] --START--
INFO: Run Behavior\BuildLiteBehavior [ RunTime:0.000023s ]
INFO: [ app_init ] --END-- [ RunTime:0.000434s ]
ERR: 无法加载模块:Res

[ 2015-05-19T11:17:52+08:00 ] 192.168.16.55 /res/News/20150519_cma_1431311167287.jpg
INFO: [ app_init ] --START--
INFO: Run Behavior\BuildLiteBehavior [ RunTime:0.000022s ]
INFO: [ app_init ] --END-- [ RunTime:0.000457s ]
ERR: 无法加载模块:Res

[ 2015-05-19T11:17:52+08:00 ] 192.168.16.55 /res/News/20150519_cma_1423964468985.jpg
INFO: [ app_init ] --START--
INFO: Run Behavior\BuildLiteBehavior [ RunTime:0.000023s ]
INFO: [ app_init ] --END-- [ RunTime:0.000439s ]
ERR: 无法加载模块:Res

[ 2015-05-19T11:17:52+08:00 ] 192.168.16.55 /res/News/20150519_cma_1431310999939.jpg
INFO: [ app_init ] --START--
INFO: Run Behavior\BuildLiteBehavior [ RunTime:0.000023s ]
INFO: [ app_init ] --END-- [ RunTime:0.000454s ]
ERR: 无法加载模块:Res

[ 2015-05-19T11:17:52+08:00 ] 192.168.16.55 /res/News/20150519_cma_1425349737989.JPG
INFO: [ app_init ] --START--
INFO: Run Behavior\BuildLiteBehavior [ RunTime:0.000022s ]
INFO: [ app_init ] --END-- [ RunTime:0.000448s ]
ERR: 无法加载模块:Res

[ 2015-05-19T11:17:52+08:00 ] 192.168.16.55 /res/News/20150519_cma_1425350017841.JPG
INFO: [ app_init ] --START--
INFO: Run Behavior\BuildLiteBehavior [ RunTime:0.000023s ]
INFO: [ app_init ] --END-- [ RunTime:0.000435s ]
ERR: 无法加载模块:Res

[ 2015-05-19T11:17:52+08:00 ] 192.168.16.55 /res/News/20150519_cma_1422947536311.jpg
INFO: [ app_init ] --START--
INFO: Run Behavior\BuildLiteBehavior [ RunTime:0.000022s ]
INFO: [ app_init ] --END-- [ RunTime:0.000551s ]
ERR: 无法加载模块:Res

[ 2015-05-19T11:22:25+08:00 ] 192.168.16.55 /res/News/20150519_cma_1424151679720.jpg
INFO: [ app_init ] --START--
INFO: Run Behavior\BuildLiteBehavior [ RunTime:0.000023s ]
INFO: [ app_init ] --END-- [ RunTime:0.000449s ]
ERR: 无法加载模块:Res

[ 2015-05-19T11:22:25+08:00 ] 192.168.16.55 /res/News/20150519_cma_1424151679711.jpg
INFO: [ app_init ] --START--
INFO: Run Behavior\BuildLiteBehavior [ RunTime:0.000023s ]
INFO: [ app_init ] --END-- [ RunTime:0.000442s ]
ERR: 无法加载模块:Res

[ 2015-05-19T11:22:25+08:00 ] 192.168.16.55 /res/News/20150519_cma_1431310999939.jpg
INFO: [ app_init ] --START--
INFO: Run Behavior\BuildLiteBehavior [ RunTime:0.000023s ]
INFO: [ app_init ] --END-- [ RunTime:0.000446s ]
ERR: 无法加载模块:Res

[ 2015-05-19T11:22:25+08:00 ] 192.168.16.55 /res/News/20150519_cma_1424151536102.jpg
INFO: [ app_init ] --START--
INFO: Run Behavior\BuildLiteBehavior [ RunTime:0.000023s ]
INFO: [ app_init ] --END-- [ RunTime:0.000453s ]
ERR: 无法加载模块:Res

[ 2015-05-19T11:22:25+08:00 ] 192.168.16.55 /res/News/20150519_cma_1424151679730.jpg
INFO: [ app_init ] --START--
INFO: Run Behavior\BuildLiteBehavior [ RunTime:0.000022s ]
INFO: [ app_init ] --END-- [ RunTime:0.000439s ]
ERR: 无法加载模块:Res

[ 2015-05-19T11:22:25+08:00 ] 192.168.16.55 /res/News/20150519_cma_1425350017841.JPG
INFO: [ app_init ] --START--
INFO: Run Behavior\BuildLiteBehavior [ RunTime:0.000022s ]
INFO: [ app_init ] --END-- [ RunTime:0.000449s ]
ERR: 无法加载模块:Res

[ 2015-05-19T11:22:25+08:00 ] 192.168.16.55 /res/News/20150519_cma_1425349737976.JPG
INFO: [ app_init ] --START--
INFO: Run Behavior\BuildLiteBehavior [ RunTime:0.000022s ]
INFO: [ app_init ] --END-- [ RunTime:0.000439s ]
ERR: 无法加载模块:Res

[ 2015-05-19T11:22:25+08:00 ] 192.168.16.55 /res/News/20150519_cma_1425349737989.JPG
INFO: [ app_init ] --START--
INFO: Run Behavior\BuildLiteBehavior [ RunTime:0.000023s ]
INFO: [ app_init ] --END-- [ RunTime:0.000436s ]
ERR: 无法加载模块:Res

[ 2015-05-19T11:22:25+08:00 ] 192.168.16.55 /res/News/20150519_cma_1422947536311.jpg
INFO: [ app_init ] --START--
INFO: Run Behavior\BuildLiteBehavior [ RunTime:0.000022s ]
INFO: [ app_init ] --END-- [ RunTime:0.000447s ]
ERR: 无法加载模块:Res

[ 2015-05-19T11:22:25+08:00 ] 192.168.16.55 /res/News/20150519_cma_1431311167287.jpg
INFO: [ app_init ] --START--
INFO: Run Behavior\BuildLiteBehavior [ RunTime:0.000023s ]
INFO: [ app_init ] --END-- [ RunTime:0.000438s ]
ERR: 无法加载模块:Res

[ 2015-05-19T11:22:25+08:00 ] 192.168.16.55 /res/News/20150519_cma_1424151679700.jpg
INFO: [ app_init ] --START--
INFO: Run Behavior\BuildLiteBehavior [ RunTime:0.000022s ]
INFO: [ app_init ] --END-- [ RunTime:0.000442s ]
ERR: 无法加载模块:Res

[ 2015-05-19T11:22:25+08:00 ] 192.168.16.55 /res/News/20150519_cma_1423964468985.jpg
INFO: [ app_init ] --START--
INFO: Run Behavior\BuildLiteBehavior [ RunTime:0.000023s ]
INFO: [ app_init ] --END-- [ RunTime:0.000445s ]
ERR: 无法加载模块:Res

[ 2015-05-19T11:22:25+08:00 ] 192.168.16.55 /res/News/20150519_cma_1424151679711.jpg
INFO: [ app_init ] --START--
INFO: Run Behavior\BuildLiteBehavior [ RunTime:0.000023s ]
INFO: [ app_init ] --END-- [ RunTime:0.000458s ]
ERR: 无法加载模块:Res

[ 2015-05-19T11:22:25+08:00 ] 192.168.16.55 /res/News/20150519_cma_1424151679720.jpg
INFO: [ app_init ] --START--
INFO: Run Behavior\BuildLiteBehavior [ RunTime:0.000022s ]
INFO: [ app_init ] --END-- [ RunTime:0.000439s ]
ERR: 无法加载模块:Res

[ 2015-05-19T11:22:25+08:00 ] 192.168.16.55 /res/News/20150519_cma_1424151679700.jpg
INFO: [ app_init ] --START--
INFO: Run Behavior\BuildLiteBehavior [ RunTime:0.000022s ]
INFO: [ app_init ] --END-- [ RunTime:0.000448s ]
ERR: 无法加载模块:Res

[ 2015-05-19T11:22:25+08:00 ] 192.168.16.55 /res/News/20150519_cma_1424151679730.jpg
INFO: [ app_init ] --START--
INFO: Run Behavior\BuildLiteBehavior [ RunTime:0.000023s ]
INFO: [ app_init ] --END-- [ RunTime:0.000450s ]
ERR: 无法加载模块:Res

[ 2015-05-19T11:22:25+08:00 ] 192.168.16.55 /res/News/20150519_cma_1424151536102.jpg
INFO: [ app_init ] --START--
INFO: Run Behavior\BuildLiteBehavior [ RunTime:0.000022s ]
INFO: [ app_init ] --END-- [ RunTime:0.000436s ]
ERR: 无法加载模块:Res

[ 2015-05-19T11:22:25+08:00 ] 192.168.16.55 /res/News/20150519_cma_1425349737976.JPG
INFO: [ app_init ] --START--
INFO: Run Behavior\BuildLiteBehavior [ RunTime:0.000022s ]
INFO: [ app_init ] --END-- [ RunTime:0.000448s ]
ERR: 无法加载模块:Res

[ 2015-05-19T11:22:25+08:00 ] 192.168.16.55 /res/News/20150519_cma_1425350017841.JPG
INFO: [ app_init ] --START--
INFO: Run Behavior\BuildLiteBehavior [ RunTime:0.000022s ]
INFO: [ app_init ] --END-- [ RunTime:0.000439s ]
ERR: 无法加载模块:Res

[ 2015-05-19T11:22:25+08:00 ] 192.168.16.55 /res/News/20150519_cma_1431310999939.jpg
INFO: [ app_init ] --START--
INFO: Run Behavior\BuildLiteBehavior [ RunTime:0.000022s ]
INFO: [ app_init ] --END-- [ RunTime:0.000434s ]
ERR: 无法加载模块:Res

[ 2015-05-19T11:22:25+08:00 ] 192.168.16.55 /res/News/20150519_cma_1431311167287.jpg
INFO: [ app_init ] --START--
INFO: Run Behavior\BuildLiteBehavior [ RunTime:0.000022s ]
INFO: [ app_init ] --END-- [ RunTime:0.000446s ]
ERR: 无法加载模块:Res

[ 2015-05-19T11:22:25+08:00 ] 192.168.16.55 /res/News/20150519_cma_1422947536311.jpg
INFO: [ app_init ] --START--
INFO: Run Behavior\BuildLiteBehavior [ RunTime:0.000023s ]
INFO: [ app_init ] --END-- [ RunTime:0.000440s ]
ERR: 无法加载模块:Res

[ 2015-05-19T11:22:25+08:00 ] 192.168.16.55 /res/News/20150519_cma_1423964468985.jpg
INFO: [ app_init ] --START--
INFO: Run Behavior\BuildLiteBehavior [ RunTime:0.000023s ]
INFO: [ app_init ] --END-- [ RunTime:0.000450s ]
ERR: 无法加载模块:Res

[ 2015-05-19T11:22:25+08:00 ] 192.168.16.55 /res/News/20150519_cma_1425349737989.JPG
INFO: [ app_init ] --START--
INFO: Run Behavior\BuildLiteBehavior [ RunTime:0.000023s ]
INFO: [ app_init ] --END-- [ RunTime:0.000437s ]
ERR: 无法加载模块:Res

[ 2015-05-19T11:22:39+08:00 ] 192.168.16.55 /res/News/20150519_cma_1424151679730.jpg
INFO: [ app_init ] --START--
INFO: Run Behavior\BuildLiteBehavior [ RunTime:0.000024s ]
INFO: [ app_init ] --END-- [ RunTime:0.000459s ]
ERR: 无法加载模块:Res

[ 2015-05-19T11:22:39+08:00 ] 192.168.16.55 /res/News/20150519_cma_1424151679720.jpg
INFO: [ app_init ] --START--
INFO: Run Behavior\BuildLiteBehavior [ RunTime:0.000023s ]
INFO: [ app_init ] --END-- [ RunTime:0.000449s ]
ERR: 无法加载模块:Res

[ 2015-05-19T11:22:39+08:00 ] 192.168.16.55 /res/News/20150519_cma_1424151679700.jpg
INFO: [ app_init ] --START--
INFO: Run Behavior\BuildLiteBehavior [ RunTime:0.000022s ]
INFO: [ app_init ] --END-- [ RunTime:0.000433s ]
ERR: 无法加载模块:Res

[ 2015-05-19T11:22:39+08:00 ] 192.168.16.55 /res/News/20150519_cma_1431310999939.jpg
INFO: [ app_init ] --START--
INFO: Run Behavior\BuildLiteBehavior [ RunTime:0.000023s ]
INFO: [ app_init ] --END-- [ RunTime:0.000453s ]
ERR: 无法加载模块:Res

[ 2015-05-19T11:22:39+08:00 ] 192.168.16.55 /res/News/20150519_cma_1424151536102.jpg
INFO: [ app_init ] --START--
INFO: Run Behavior\BuildLiteBehavior [ RunTime:0.000022s ]
INFO: [ app_init ] --END-- [ RunTime:0.000436s ]
ERR: 无法加载模块:Res

[ 2015-05-19T11:22:39+08:00 ] 192.168.16.55 /res/News/20150519_cma_1431311167287.jpg
INFO: [ app_init ] --START--
INFO: Run Behavior\BuildLiteBehavior [ RunTime:0.000023s ]
INFO: [ app_init ] --END-- [ RunTime:0.000472s ]
ERR: 无法加载模块:Res

[ 2015-05-19T11:22:39+08:00 ] 192.168.16.55 /res/News/20150519_cma_1425350017841.JPG
INFO: [ app_init ] --START--
INFO: Run Behavior\BuildLiteBehavior [ RunTime:0.000022s ]
INFO: [ app_init ] --END-- [ RunTime:0.000439s ]
ERR: 无法加载模块:Res

[ 2015-05-19T11:22:39+08:00 ] 192.168.16.55 /res/News/20150519_cma_1425349737976.JPG
INFO: [ app_init ] --START--
INFO: Run Behavior\BuildLiteBehavior [ RunTime:0.000022s ]
INFO: [ app_init ] --END-- [ RunTime:0.000438s ]
ERR: 无法加载模块:Res

[ 2015-05-19T11:22:39+08:00 ] 192.168.16.55 /res/News/20150519_cma_1422947536311.jpg
INFO: [ app_init ] --START--
INFO: Run Behavior\BuildLiteBehavior [ RunTime:0.000023s ]
INFO: [ app_init ] --END-- [ RunTime:0.000435s ]
ERR: 无法加载模块:Res

[ 2015-05-19T11:22:39+08:00 ] 192.168.16.55 /res/News/20150519_cma_1424151679711.jpg
INFO: [ app_init ] --START--
INFO: Run Behavior\BuildLiteBehavior [ RunTime:0.000023s ]
INFO: [ app_init ] --END-- [ RunTime:0.000448s ]
ERR: 无法加载模块:Res

[ 2015-05-19T11:22:40+08:00 ] 192.168.16.55 /res/News/20150519_cma_1424151679711.jpg
INFO: [ app_init ] --START--
INFO: Run Behavior\BuildLiteBehavior [ RunTime:0.000023s ]
INFO: [ app_init ] --END-- [ RunTime:0.000445s ]
ERR: 无法加载模块:Res

[ 2015-05-19T11:22:40+08:00 ] 192.168.16.55 /res/News/20150519_cma_1423964468985.jpg
INFO: [ app_init ] --START--
INFO: Run Behavior\BuildLiteBehavior [ RunTime:0.000022s ]
INFO: [ app_init ] --END-- [ RunTime:0.000454s ]
ERR: 无法加载模块:Res

[ 2015-05-19T11:22:40+08:00 ] 192.168.16.55 /res/News/20150519_cma_1425349737989.JPG
INFO: [ app_init ] --START--
INFO: Run Behavior\BuildLiteBehavior [ RunTime:0.000023s ]
INFO: [ app_init ] --END-- [ RunTime:0.000439s ]
ERR: 无法加载模块:Res

[ 2015-05-19T11:22:40+08:00 ] 192.168.16.55 /res/News/20150519_cma_1424151536102.jpg
INFO: [ app_init ] --START--
INFO: Run Behavior\BuildLiteBehavior [ RunTime:0.000022s ]
INFO: [ app_init ] --END-- [ RunTime:0.000436s ]
ERR: 无法加载模块:Res

[ 2015-05-19T11:22:40+08:00 ] 192.168.16.55 /res/News/20150519_cma_1424151679720.jpg
INFO: [ app_init ] --START--
INFO: Run Behavior\BuildLiteBehavior [ RunTime:0.000023s ]
INFO: [ app_init ] --END-- [ RunTime:0.000454s ]
ERR: 无法加载模块:Res

[ 2015-05-19T11:22:40+08:00 ] 192.168.16.55 /res/News/20150519_cma_1424151679730.jpg
INFO: [ app_init ] --START--
INFO: Run Behavior\BuildLiteBehavior [ RunTime:0.000023s ]
INFO: [ app_init ] --END-- [ RunTime:0.000435s ]
ERR: 无法加载模块:Res

[ 2015-05-19T11:22:40+08:00 ] 192.168.16.55 /res/News/20150519_cma_1425349737989.JPG
INFO: [ app_init ] --START--
INFO: Run Behavior\BuildLiteBehavior [ RunTime:0.000022s ]
INFO: [ app_init ] --END-- [ RunTime:0.000443s ]
ERR: 无法加载模块:Res

[ 2015-05-19T11:22:40+08:00 ] 192.168.16.55 /res/News/20150519_cma_1431311167287.jpg
INFO: [ app_init ] --START--
INFO: Run Behavior\BuildLiteBehavior [ RunTime:0.000023s ]
INFO: [ app_init ] --END-- [ RunTime:0.000444s ]
ERR: 无法加载模块:Res

[ 2015-05-19T11:22:40+08:00 ] 192.168.16.55 /res/News/20150519_cma_1425350017841.JPG
INFO: [ app_init ] --START--
INFO: Run Behavior\BuildLiteBehavior [ RunTime:0.000022s ]
INFO: [ app_init ] --END-- [ RunTime:0.000449s ]
ERR: 无法加载模块:Res

[ 2015-05-19T11:22:40+08:00 ] 192.168.16.55 /res/News/20150519_cma_1425349737976.JPG
INFO: [ app_init ] --START--
INFO: Run Behavior\BuildLiteBehavior [ RunTime:0.000023s ]
INFO: [ app_init ] --END-- [ RunTime:0.000435s ]
ERR: 无法加载模块:Res

[ 2015-05-19T11:22:40+08:00 ] 192.168.16.55 /res/News/20150519_cma_1424151679700.jpg
INFO: [ app_init ] --START--
INFO: Run Behavior\BuildLiteBehavior [ RunTime:0.000022s ]
INFO: [ app_init ] --END-- [ RunTime:0.000435s ]
ERR: 无法加载模块:Res

[ 2015-05-19T11:22:40+08:00 ] 192.168.16.55 /res/News/20150519_cma_1423964468985.jpg
INFO: [ app_init ] --START--
INFO: Run Behavior\BuildLiteBehavior [ RunTime:0.000023s ]
INFO: [ app_init ] --END-- [ RunTime:0.000449s ]
ERR: 无法加载模块:Res

[ 2015-05-19T11:22:40+08:00 ] 192.168.16.55 /res/News/20150519_cma_1422947536311.jpg
INFO: [ app_init ] --START--
INFO: Run Behavior\BuildLiteBehavior [ RunTime:0.000022s ]
INFO: [ app_init ] --END-- [ RunTime:0.000434s ]
ERR: 无法加载模块:Res

[ 2015-05-19T11:22:40+08:00 ] 192.168.16.55 /res/News/20150519_cma_1431310999939.jpg
INFO: [ app_init ] --START--
INFO: Run Behavior\BuildLiteBehavior [ RunTime:0.000022s ]
INFO: [ app_init ] --END-- [ RunTime:0.000448s ]
ERR: 无法加载模块:Res

[ 2015-05-19T11:22:56+08:00 ] 192.168.16.55 /res/News/20150519_cma_1424151679730.jpg
INFO: [ app_init ] --START--
INFO: Run Behavior\BuildLiteBehavior [ RunTime:0.000024s ]
INFO: [ app_init ] --END-- [ RunTime:0.000456s ]
ERR: 无法加载模块:Res

[ 2015-05-19T11:22:56+08:00 ] 192.168.16.55 /res/News/20150519_cma_1424151679700.jpg
INFO: [ app_init ] --START--
INFO: Run Behavior\BuildLiteBehavior [ RunTime:0.000022s ]
INFO: [ app_init ] --END-- [ RunTime:0.000435s ]
ERR: 无法加载模块:Res

[ 2015-05-19T11:22:56+08:00 ] 192.168.16.55 /res/News/20150519_cma_1431310999939.jpg
INFO: [ app_init ] --START--
INFO: Run Behavior\BuildLiteBehavior [ RunTime:0.000022s ]
INFO: [ app_init ] --END-- [ RunTime:0.000454s ]
ERR: 无法加载模块:Res

[ 2015-05-19T11:22:56+08:00 ] 192.168.16.55 /res/News/20150519_cma_1424151679720.jpg
INFO: [ app_init ] --START--
INFO: Run Behavior\BuildLiteBehavior [ RunTime:0.000022s ]
INFO: [ app_init ] --END-- [ RunTime:0.000437s ]
ERR: 无法加载模块:Res

[ 2015-05-19T11:22:56+08:00 ] 192.168.16.55 /res/News/20150519_cma_1424151536102.jpg
INFO: [ app_init ] --START--
INFO: Run Behavior\BuildLiteBehavior [ RunTime:0.000030s ]
INFO: [ app_init ] --END-- [ RunTime:0.000538s ]
ERR: 无法加载模块:Res

[ 2015-05-19T11:22:56+08:00 ] 192.168.16.55 /res/News/20150519_cma_1425349737976.JPG
INFO: [ app_init ] --START--
INFO: Run Behavior\BuildLiteBehavior [ RunTime:0.000023s ]
INFO: [ app_init ] --END-- [ RunTime:0.000444s ]
ERR: 无法加载模块:Res

[ 2015-05-19T11:22:56+08:00 ] 192.168.16.55 /res/News/20150519_cma_1425350017841.JPG
INFO: [ app_init ] --START--
INFO: Run Behavior\BuildLiteBehavior [ RunTime:0.000022s ]
INFO: [ app_init ] --END-- [ RunTime:0.000435s ]
ERR: 无法加载模块:Res

[ 2015-05-19T11:22:56+08:00 ] 192.168.16.55 /res/News/20150519_cma_1425349737989.JPG
INFO: [ app_init ] --START--
INFO: Run Behavior\BuildLiteBehavior [ RunTime:0.000022s ]
INFO: [ app_init ] --END-- [ RunTime:0.000451s ]
ERR: 无法加载模块:Res

[ 2015-05-19T11:22:56+08:00 ] 192.168.16.55 /res/News/20150519_cma_1423964468985.jpg
INFO: [ app_init ] --START--
INFO: Run Behavior\BuildLiteBehavior [ RunTime:0.000024s ]
INFO: [ app_init ] --END-- [ RunTime:0.000457s ]
ERR: 无法加载模块:Res

[ 2015-05-19T11:22:56+08:00 ] 192.168.16.55 /res/News/20150519_cma_1424151536102.jpg
INFO: [ app_init ] --START--
INFO: Run Behavior\BuildLiteBehavior [ RunTime:0.000022s ]
INFO: [ app_init ] --END-- [ RunTime:0.000437s ]
ERR: 无法加载模块:Res

[ 2015-05-19T11:22:56+08:00 ] 192.168.16.55 /res/News/20150519_cma_1431311167287.jpg
INFO: [ app_init ] --START--
INFO: Run Behavior\BuildLiteBehavior [ RunTime:0.000023s ]
INFO: [ app_init ] --END-- [ RunTime:0.000448s ]
ERR: 无法加载模块:Res

[ 2015-05-19T11:22:56+08:00 ] 192.168.16.55 /res/News/20150519_cma_1424151679711.jpg
INFO: [ app_init ] --START--
INFO: Run Behavior\BuildLiteBehavior [ RunTime:0.000022s ]
INFO: [ app_init ] --END-- [ RunTime:0.000436s ]
ERR: 无法加载模块:Res

[ 2015-05-19T11:22:56+08:00 ] 192.168.16.55 /res/News/20150519_cma_1424151679700.jpg
INFO: [ app_init ] --START--
INFO: Run Behavior\BuildLiteBehavior [ RunTime:0.000023s ]
INFO: [ app_init ] --END-- [ RunTime:0.000478s ]
ERR: 无法加载模块:Res

[ 2015-05-19T11:22:56+08:00 ] 192.168.16.55 /res/News/20150519_cma_1422947536311.jpg
INFO: [ app_init ] --START--
INFO: Run Behavior\BuildLiteBehavior [ RunTime:0.000022s ]
INFO: [ app_init ] --END-- [ RunTime:0.000449s ]
ERR: 无法加载模块:Res

[ 2015-05-19T11:22:56+08:00 ] 192.168.16.55 /res/News/20150519_cma_1424151679711.jpg
INFO: [ app_init ] --START--
INFO: Run Behavior\BuildLiteBehavior [ RunTime:0.000023s ]
INFO: [ app_init ] --END-- [ RunTime:0.000436s ]
ERR: 无法加载模块:Res

[ 2015-05-19T11:22:56+08:00 ] 192.168.16.55 /res/News/20150519_cma_1424151679720.jpg
INFO: [ app_init ] --START--
INFO: Run Behavior\BuildLiteBehavior [ RunTime:0.000022s ]
INFO: [ app_init ] --END-- [ RunTime:0.000448s ]
ERR: 无法加载模块:Res

[ 2015-05-19T11:22:56+08:00 ] 192.168.16.55 /res/News/20150519_cma_1431310999939.jpg
INFO: [ app_init ] --START--
INFO: Run Behavior\BuildLiteBehavior [ RunTime:0.000022s ]
INFO: [ app_init ] --END-- [ RunTime:0.000438s ]
ERR: 无法加载模块:Res

[ 2015-05-19T11:22:57+08:00 ] 192.168.16.55 /res/News/20150519_cma_1425349737989.JPG
INFO: [ app_init ] --START--
INFO: Run Behavior\BuildLiteBehavior [ RunTime:0.000022s ]
INFO: [ app_init ] --END-- [ RunTime:0.000436s ]
ERR: 无法加载模块:Res

[ 2015-05-19T11:22:57+08:00 ] 192.168.16.55 /res/News/20150519_cma_1425350017841.JPG
INFO: [ app_init ] --START--
INFO: Run Behavior\BuildLiteBehavior [ RunTime:0.000022s ]
INFO: [ app_init ] --END-- [ RunTime:0.000468s ]
ERR: 无法加载模块:Res

[ 2015-05-19T11:22:57+08:00 ] 192.168.16.55 /res/News/20150519_cma_1422947536311.jpg
INFO: [ app_init ] --START--
INFO: Run Behavior\BuildLiteBehavior [ RunTime:0.000022s ]
INFO: [ app_init ] --END-- [ RunTime:0.000436s ]
ERR: 无法加载模块:Res

[ 2015-05-19T11:22:57+08:00 ] 192.168.16.55 /res/News/20150519_cma_1425349737976.JPG
INFO: [ app_init ] --START--
INFO: Run Behavior\BuildLiteBehavior [ RunTime:0.000022s ]
INFO: [ app_init ] --END-- [ RunTime:0.000441s ]
ERR: 无法加载模块:Res

[ 2015-05-19T11:22:57+08:00 ] 192.168.16.55 /res/News/20150519_cma_1424151679730.jpg
INFO: [ app_init ] --START--
INFO: Run Behavior\BuildLiteBehavior [ RunTime:0.000022s ]
INFO: [ app_init ] --END-- [ RunTime:0.000436s ]
ERR: 无法加载模块:Res

[ 2015-05-19T11:22:57+08:00 ] 192.168.16.55 /res/News/20150519_cma_1423964468985.jpg
INFO: [ app_init ] --START--
INFO: Run Behavior\BuildLiteBehavior [ RunTime:0.000023s ]
INFO: [ app_init ] --END-- [ RunTime:0.000494s ]
ERR: 无法加载模块:Res

[ 2015-05-19T11:22:57+08:00 ] 192.168.16.55 /res/News/20150519_cma_1431311167287.jpg
INFO: [ app_init ] --START--
INFO: Run Behavior\BuildLiteBehavior [ RunTime:0.000022s ]
INFO: [ app_init ] --END-- [ RunTime:0.000433s ]
ERR: 无法加载模块:Res

[ 2015-05-19T11:23:08+08:00 ] 192.168.16.55 /res/News/20150519_cma_1424151679730.jpg
INFO: [ app_init ] --START--
INFO: Run Behavior\BuildLiteBehavior [ RunTime:0.000024s ]
INFO: [ app_init ] --END-- [ RunTime:0.000457s ]
ERR: 无法加载模块:Res

[ 2015-05-19T11:23:08+08:00 ] 192.168.16.55 /res/News/20150519_cma_1424151679711.jpg
INFO: [ app_init ] --START--
INFO: Run Behavior\BuildLiteBehavior [ RunTime:0.000022s ]
INFO: [ app_init ] --END-- [ RunTime:0.000440s ]
ERR: 无法加载模块:Res

[ 2015-05-19T11:23:08+08:00 ] 192.168.16.55 /res/News/20150519_cma_1424151679700.jpg
INFO: [ app_init ] --START--
INFO: Run Behavior\BuildLiteBehavior [ RunTime:0.000022s ]
INFO: [ app_init ] --END-- [ RunTime:0.000438s ]
ERR: 无法加载模块:Res

[ 2015-05-19T11:23:08+08:00 ] 192.168.16.55 /res/News/20150519_cma_1424151536102.jpg
INFO: [ app_init ] --START--
INFO: Run Behavior\BuildLiteBehavior [ RunTime:0.000023s ]
INFO: [ app_init ] --END-- [ RunTime:0.000438s ]
ERR: 无法加载模块:Res

[ 2015-05-19T11:23:08+08:00 ] 192.168.16.55 /res/News/20150519_cma_1431311167287.jpg
INFO: [ app_init ] --START--
INFO: Run Behavior\BuildLiteBehavior [ RunTime:0.000022s ]
INFO: [ app_init ] --END-- [ RunTime:0.000446s ]
ERR: 无法加载模块:Res

[ 2015-05-19T11:23:08+08:00 ] 192.168.16.55 /res/News/20150519_cma_1425349737989.JPG
INFO: [ app_init ] --START--
INFO: Run Behavior\BuildLiteBehavior [ RunTime:0.000022s ]
INFO: [ app_init ] --END-- [ RunTime:0.000435s ]
ERR: 无法加载模块:Res

[ 2015-05-19T11:23:08+08:00 ] 192.168.16.55 /res/News/20150519_cma_1423964468985.jpg
INFO: [ app_init ] --START--
INFO: Run Behavior\BuildLiteBehavior [ RunTime:0.000022s ]
INFO: [ app_init ] --END-- [ RunTime:0.000450s ]
ERR: 无法加载模块:Res

[ 2015-05-19T11:23:08+08:00 ] 192.168.16.55 /res/News/20150519_cma_1425349737976.JPG
INFO: [ app_init ] --START--
INFO: Run Behavior\BuildLiteBehavior [ RunTime:0.000021s ]
INFO: [ app_init ] --END-- [ RunTime:0.000433s ]
ERR: 无法加载模块:Res

[ 2015-05-19T11:23:08+08:00 ] 192.168.16.55 /res/News/20150519_cma_1424151679720.jpg
INFO: [ app_init ] --START--
INFO: Run Behavior\BuildLiteBehavior [ RunTime:0.000022s ]
INFO: [ app_init ] --END-- [ RunTime:0.000454s ]
ERR: 无法加载模块:Res

[ 2015-05-19T11:23:08+08:00 ] 192.168.16.55 /res/News/20150519_cma_1425350017841.JPG
INFO: [ app_init ] --START--
INFO: Run Behavior\BuildLiteBehavior [ RunTime:0.000022s ]
INFO: [ app_init ] --END-- [ RunTime:0.000448s ]
ERR: 无法加载模块:Res

[ 2015-05-19T11:23:08+08:00 ] 192.168.16.55 /res/News/20150519_cma_1431310999939.jpg
INFO: [ app_init ] --START--
INFO: Run Behavior\BuildLiteBehavior [ RunTime:0.000023s ]
INFO: [ app_init ] --END-- [ RunTime:0.000494s ]
ERR: 无法加载模块:Res

[ 2015-05-19T11:23:09+08:00 ] 192.168.16.55 /res/News/20150519_cma_1422947536311.jpg
INFO: [ app_init ] --START--
INFO: Run Behavior\BuildLiteBehavior [ RunTime:0.000024s ]
INFO: [ app_init ] --END-- [ RunTime:0.000458s ]
ERR: 无法加载模块:Res

[ 2015-05-19T11:23:09+08:00 ] 192.168.16.55 /res/News/20150519_cma_1424151536102.jpg
INFO: [ app_init ] --START--
INFO: Run Behavior\BuildLiteBehavior [ RunTime:0.000022s ]
INFO: [ app_init ] --END-- [ RunTime:0.000436s ]
ERR: 无法加载模块:Res

[ 2015-05-19T11:23:09+08:00 ] 192.168.16.55 /res/News/20150519_cma_1424151679711.jpg
INFO: [ app_init ] --START--
INFO: Run Behavior\BuildLiteBehavior [ RunTime:0.000022s ]
INFO: [ app_init ] --END-- [ RunTime:0.000449s ]
ERR: 无法加载模块:Res

[ 2015-05-19T11:23:09+08:00 ] 192.168.16.55 /res/News/20150519_cma_1431311167287.jpg
INFO: [ app_init ] --START--
INFO: Run Behavior\BuildLiteBehavior [ RunTime:0.000022s ]
INFO: [ app_init ] --END-- [ RunTime:0.000436s ]
ERR: 无法加载模块:Res

[ 2015-05-19T11:23:09+08:00 ] 192.168.16.55 /res/News/20150519_cma_1425349737976.JPG
INFO: [ app_init ] --START--
INFO: Run Behavior\BuildLiteBehavior [ RunTime:0.000022s ]
INFO: [ app_init ] --END-- [ RunTime:0.000477s ]
ERR: 无法加载模块:Res

[ 2015-05-19T11:23:09+08:00 ] 192.168.16.55 /res/News/20150519_cma_1425349737989.JPG
INFO: [ app_init ] --START--
INFO: Run Behavior\BuildLiteBehavior [ RunTime:0.000022s ]
INFO: [ app_init ] --END-- [ RunTime:0.000446s ]
ERR: 无法加载模块:Res

[ 2015-05-19T11:23:09+08:00 ] 192.168.16.55 /res/News/20150519_cma_1431310999939.jpg
INFO: [ app_init ] --START--
INFO: Run Behavior\BuildLiteBehavior [ RunTime:0.000023s ]
INFO: [ app_init ] --END-- [ RunTime:0.000449s ]
ERR: 无法加载模块:Res

[ 2015-05-19T11:23:09+08:00 ] 192.168.16.55 /res/News/20150519_cma_1424151679700.jpg
INFO: [ app_init ] --START--
INFO: Run Behavior\BuildLiteBehavior [ RunTime:0.000023s ]
INFO: [ app_init ] --END-- [ RunTime:0.000434s ]
ERR: 无法加载模块:Res

[ 2015-05-19T11:23:09+08:00 ] 192.168.16.55 /res/News/20150519_cma_1425350017841.JPG
INFO: [ app_init ] --START--
INFO: Run Behavior\BuildLiteBehavior [ RunTime:0.000023s ]
INFO: [ app_init ] --END-- [ RunTime:0.000448s ]
ERR: 无法加载模块:Res

[ 2015-05-19T11:23:09+08:00 ] 192.168.16.55 /res/News/20150519_cma_1424151679720.jpg
INFO: [ app_init ] --START--
INFO: Run Behavior\BuildLiteBehavior [ RunTime:0.000022s ]
INFO: [ app_init ] --END-- [ RunTime:0.000441s ]
ERR: 无法加载模块:Res

[ 2015-05-19T11:23:09+08:00 ] 192.168.16.55 /res/News/20150519_cma_1422947536311.jpg
INFO: [ app_init ] --START--
INFO: Run Behavior\BuildLiteBehavior [ RunTime:0.000022s ]
INFO: [ app_init ] --END-- [ RunTime:0.000451s ]
ERR: 无法加载模块:Res

[ 2015-05-19T11:23:09+08:00 ] 192.168.16.55 /res/News/20150519_cma_1424151679730.jpg
INFO: [ app_init ] --START--
INFO: Run Behavior\BuildLiteBehavior [ RunTime:0.000022s ]
INFO: [ app_init ] --END-- [ RunTime:0.000437s ]
ERR: 无法加载模块:Res

[ 2015-05-19T11:23:09+08:00 ] 192.168.16.55 /res/News/20150519_cma_1423964468985.jpg
INFO: [ app_init ] --START--
INFO: Run Behavior\BuildLiteBehavior [ RunTime:0.000022s ]
INFO: [ app_init ] --END-- [ RunTime:0.000449s ]
ERR: 无法加载模块:Res

[ 2015-05-19T11:27:06+08:00 ] 192.168.16.55 /res/News/20150519_cma_1424151536102.jpg
INFO: [ app_init ] --START--
INFO: Run Behavior\BuildLiteBehavior [ RunTime:0.000024s ]
INFO: [ app_init ] --END-- [ RunTime:0.000460s ]
ERR: 无法加载模块:Res

[ 2015-05-19T11:27:06+08:00 ] 192.168.16.55 /res/News/20150519_cma_1424151679730.jpg
INFO: [ app_init ] --START--
INFO: Run Behavior\BuildLiteBehavior [ RunTime:0.000022s ]
INFO: [ app_init ] --END-- [ RunTime:0.000437s ]
ERR: 无法加载模块:Res

[ 2015-05-19T11:27:06+08:00 ] 192.168.16.55 /res/News/20150519_cma_1431311167287.jpg
INFO: [ app_init ] --START--
INFO: Run Behavior\BuildLiteBehavior [ RunTime:0.000023s ]
INFO: [ app_init ] --END-- [ RunTime:0.000455s ]
ERR: 无法加载模块:Res

[ 2015-05-19T11:27:06+08:00 ] 192.168.16.55 /res/News/20150519_cma_1424151679711.jpg
INFO: [ app_init ] --START--
INFO: Run Behavior\BuildLiteBehavior [ RunTime:0.000022s ]
INFO: [ app_init ] --END-- [ RunTime:0.000451s ]
ERR: 无法加载模块:Res

[ 2015-05-19T11:27:06+08:00 ] 192.168.16.55 /res/News/20150519_cma_1431310999939.jpg
INFO: [ app_init ] --START--
INFO: Run Behavior\BuildLiteBehavior [ RunTime:0.000022s ]
INFO: [ app_init ] --END-- [ RunTime:0.000440s ]
ERR: 无法加载模块:Res

[ 2015-05-19T11:27:06+08:00 ] 192.168.16.55 /res/News/20150519_cma_1425349737976.JPG
INFO: [ app_init ] --START--
INFO: Run Behavior\BuildLiteBehavior [ RunTime:0.000022s ]
INFO: [ app_init ] --END-- [ RunTime:0.000439s ]
ERR: 无法加载模块:Res

[ 2015-05-19T11:27:06+08:00 ] 192.168.16.55 /res/News/20150519_cma_1425350017841.JPG
INFO: [ app_init ] --START--
INFO: Run Behavior\BuildLiteBehavior [ RunTime:0.000022s ]
INFO: [ app_init ] --END-- [ RunTime:0.000454s ]
ERR: 无法加载模块:Res

[ 2015-05-19T11:27:06+08:00 ] 192.168.16.55 /res/News/20150519_cma_1422947536311.jpg
INFO: [ app_init ] --START--
INFO: Run Behavior\BuildLiteBehavior [ RunTime:0.000022s ]
INFO: [ app_init ] --END-- [ RunTime:0.000474s ]
ERR: 无法加载模块:Res

[ 2015-05-19T11:27:06+08:00 ] 192.168.16.55 /res/News/20150519_cma_1424151679700.jpg
INFO: [ app_init ] --START--
INFO: Run Behavior\BuildLiteBehavior [ RunTime:0.000023s ]
INFO: [ app_init ] --END-- [ RunTime:0.000443s ]
ERR: 无法加载模块:Res

[ 2015-05-19T11:27:06+08:00 ] 192.168.16.55 /res/News/20150519_cma_1424151679720.jpg
INFO: [ app_init ] --START--
INFO: Run Behavior\BuildLiteBehavior [ RunTime:0.000022s ]
INFO: [ app_init ] --END-- [ RunTime:0.000446s ]
ERR: 无法加载模块:Res

[ 2015-05-19T11:27:06+08:00 ] 192.168.16.55 /res/News/20150519_cma_1425349737989.JPG
INFO: [ app_init ] --START--
INFO: Run Behavior\BuildLiteBehavior [ RunTime:0.000023s ]
INFO: [ app_init ] --END-- [ RunTime:0.000448s ]
ERR: 无法加载模块:Res

[ 2015-05-19T11:27:06+08:00 ] 192.168.16.55 /res/News/20150519_cma_1423964468985.jpg
INFO: [ app_init ] --START--
INFO: Run Behavior\BuildLiteBehavior [ RunTime:0.000023s ]
INFO: [ app_init ] --END-- [ RunTime:0.000448s ]
ERR: 无法加载模块:Res

[ 2015-05-19T11:27:06+08:00 ] 192.168.16.55 /res/News/20150519_cma_1424151536102.jpg
INFO: [ app_init ] --START--
INFO: Run Behavior\BuildLiteBehavior [ RunTime:0.000023s ]
INFO: [ app_init ] --END-- [ RunTime:0.000447s ]
ERR: 无法加载模块:Res

[ 2015-05-19T11:27:06+08:00 ] 192.168.16.55 /res/News/20150519_cma_1424151679711.jpg
INFO: [ app_init ] --START--
INFO: Run Behavior\BuildLiteBehavior [ RunTime:0.000023s ]
INFO: [ app_init ] --END-- [ RunTime:0.000519s ]
ERR: 无法加载模块:Res

[ 2015-05-19T11:27:06+08:00 ] 192.168.16.55 /res/News/20150519_cma_1424151679730.jpg
INFO: [ app_init ] --START--
INFO: Run Behavior\BuildLiteBehavior [ RunTime:0.000023s ]
INFO: [ app_init ] --END-- [ RunTime:0.000448s ]
ERR: 无法加载模块:Res

[ 2015-05-19T11:27:06+08:00 ] 192.168.16.55 /res/News/20150519_cma_1424151679700.jpg
INFO: [ app_init ] --START--
INFO: Run Behavior\BuildLiteBehavior [ RunTime:0.000022s ]
INFO: [ app_init ] --END-- [ RunTime:0.000432s ]
ERR: 无法加载模块:Res

[ 2015-05-19T11:27:06+08:00 ] 192.168.16.55 /res/News/20150519_cma_1431311167287.jpg
INFO: [ app_init ] --START--
INFO: Run Behavior\BuildLiteBehavior [ RunTime:0.000022s ]
INFO: [ app_init ] --END-- [ RunTime:0.000449s ]
ERR: 无法加载模块:Res

[ 2015-05-19T11:27:06+08:00 ] 192.168.16.55 /res/News/20150519_cma_1425349737976.JPG
INFO: [ app_init ] --START--
INFO: Run Behavior\BuildLiteBehavior [ RunTime:0.000022s ]
INFO: [ app_init ] --END-- [ RunTime:0.000439s ]
ERR: 无法加载模块:Res

[ 2015-05-19T11:27:06+08:00 ] 192.168.16.55 /res/News/20150519_cma_1431310999939.jpg
INFO: [ app_init ] --START--
INFO: Run Behavior\BuildLiteBehavior [ RunTime:0.000023s ]
INFO: [ app_init ] --END-- [ RunTime:0.000436s ]
ERR: 无法加载模块:Res

[ 2015-05-19T11:27:06+08:00 ] 192.168.16.55 /res/News/20150519_cma_1422947536311.jpg
INFO: [ app_init ] --START--
INFO: Run Behavior\BuildLiteBehavior [ RunTime:0.000022s ]
INFO: [ app_init ] --END-- [ RunTime:0.000449s ]
ERR: 无法加载模块:Res

[ 2015-05-19T11:27:06+08:00 ] 192.168.16.55 /res/News/20150519_cma_1423964468985.jpg
INFO: [ app_init ] --START--
INFO: Run Behavior\BuildLiteBehavior [ RunTime:0.000022s ]
INFO: [ app_init ] --END-- [ RunTime:0.000437s ]
ERR: 无法加载模块:Res

[ 2015-05-19T11:27:06+08:00 ] 192.168.16.55 /res/News/20150519_cma_1425349737989.JPG
INFO: [ app_init ] --START--
INFO: Run Behavior\BuildLiteBehavior [ RunTime:0.000023s ]
INFO: [ app_init ] --END-- [ RunTime:0.000455s ]
ERR: 无法加载模块:Res

[ 2015-05-19T11:27:06+08:00 ] 192.168.16.55 /res/News/20150519_cma_1424151679720.jpg
INFO: [ app_init ] --START--
INFO: Run Behavior\BuildLiteBehavior [ RunTime:0.000023s ]
INFO: [ app_init ] --END-- [ RunTime:0.000437s ]
ERR: 无法加载模块:Res

[ 2015-05-19T11:27:06+08:00 ] 192.168.16.55 /res/News/20150519_cma_1425350017841.JPG
INFO: [ app_init ] --START--
INFO: Run Behavior\BuildLiteBehavior [ RunTime:0.000023s ]
INFO: [ app_init ] --END-- [ RunTime:0.000448s ]
ERR: 无法加载模块:Res

