[ 2015-06-19T16:28:14+08:00 ] 192.168.16.52 /res/focuslist/5580e815f1d18.jpg
INFO: [ app_init ] --START--
INFO: Run Behavior\BuildLiteBehavior [ RunTime:0.000022s ]
INFO: [ app_init ] --END-- [ RunTime:0.000432s ]
ERR: 无法加载模块:Res

[ 2015-06-19T16:28:14+08:00 ] 192.168.16.52 /res/focuslist/banner_2.jpg
INFO: [ app_init ] --START--
INFO: Run Behavior\BuildLiteBehavior [ RunTime:0.000022s ]
INFO: [ app_init ] --END-- [ RunTime:0.000435s ]
ERR: 无法加载模块:Res

[ 2015-06-19T16:28:14+08:00 ] 192.168.16.52 /res/focuslist/banner_1.jpg
INFO: [ app_init ] --START--
INFO: Run Behavior\BuildLiteBehavior [ RunTime:0.000022s ]
INFO: [ app_init ] --END-- [ RunTime:0.000432s ]
ERR: 无法加载模块:Res

[ 2015-06-19T16:28:19+08:00 ] 192.168.16.52 /res/focuslist/5580e815f1d18.jpg
INFO: [ app_init ] --START--
INFO: Run Behavior\BuildLiteBehavior [ RunTime:0.000022s ]
INFO: [ app_init ] --END-- [ RunTime:0.000434s ]
ERR: 无法加载模块:Res

[ 2015-06-19T16:28:19+08:00 ] 192.168.16.52 /res/focuslist/banner_1.jpg
INFO: [ app_init ] --START--
INFO: Run Behavior\BuildLiteBehavior [ RunTime:0.000023s ]
INFO: [ app_init ] --END-- [ RunTime:0.000439s ]
ERR: 无法加载模块:Res

[ 2015-06-19T16:28:19+08:00 ] 192.168.16.52 /res/focuslist/banner_2.jpg
INFO: [ app_init ] --START--
INFO: Run Behavior\BuildLiteBehavior [ RunTime:0.000023s ]
INFO: [ app_init ] --END-- [ RunTime:0.000440s ]
ERR: 无法加载模块:Res

[ 2015-06-19T16:28:19+08:00 ] 192.168.16.52 /res/focuslist/banner_3.jpg
INFO: [ app_init ] --START--
INFO: Run Behavior\BuildLiteBehavior [ RunTime:0.000021s ]
INFO: [ app_init ] --END-- [ RunTime:0.000428s ]
ERR: 无法加载模块:Res

[ 2015-06-19T16:28:22+08:00 ] 192.168.16.52 /res/focuslist/5580e815f1d18.jpg
INFO: [ app_init ] --START--
INFO: Run Behavior\BuildLiteBehavior [ RunTime:0.000023s ]
INFO: [ app_init ] --END-- [ RunTime:0.000431s ]
ERR: 无法加载模块:Res

[ 2015-06-19T16:28:22+08:00 ] 192.168.16.52 /res/focuslist/banner_1.jpg
INFO: [ app_init ] --START--
INFO: Run Behavior\BuildLiteBehavior [ RunTime:0.000022s ]
INFO: [ app_init ] --END-- [ RunTime:0.000442s ]
ERR: 无法加载模块:Res

[ 2015-06-19T16:28:22+08:00 ] 192.168.16.52 /res/focuslist/banner_3.jpg
INFO: [ app_init ] --START--
INFO: Run Behavior\BuildLiteBehavior [ RunTime:0.000022s ]
INFO: [ app_init ] --END-- [ RunTime:0.000442s ]
ERR: 无法加载模块:Res

[ 2015-06-19T16:28:22+08:00 ] 192.168.16.52 /res/focuslist/banner_2.jpg
INFO: [ app_init ] --START--
INFO: Run Behavior\BuildLiteBehavior [ RunTime:0.000022s ]
INFO: [ app_init ] --END-- [ RunTime:0.000431s ]
ERR: 无法加载模块:Res

[ 2015-06-19T16:28:32+08:00 ] 192.168.16.52 /res/focuslist/5580e815f1d18.jpg
INFO: [ app_init ] --START--
INFO: Run Behavior\BuildLiteBehavior [ RunTime:0.000022s ]
INFO: [ app_init ] --END-- [ RunTime:0.000431s ]
ERR: 无法加载模块:Res

[ 2015-06-19T16:28:32+08:00 ] 192.168.16.52 /res/focuslist/banner_1.jpg
INFO: [ app_init ] --START--
INFO: Run Behavior\BuildLiteBehavior [ RunTime:0.000022s ]
INFO: [ app_init ] --END-- [ RunTime:0.000432s ]
ERR: 无法加载模块:Res

[ 2015-06-19T16:28:32+08:00 ] 192.168.16.52 /res/focuslist/banner_3.jpg
INFO: [ app_init ] --START--
INFO: Run Behavior\BuildLiteBehavior [ RunTime:0.000021s ]
INFO: [ app_init ] --END-- [ RunTime:0.000429s ]
ERR: 无法加载模块:Res

[ 2015-06-19T16:28:32+08:00 ] 192.168.16.52 /res/focuslist/banner_2.jpg
INFO: [ app_init ] --START--
INFO: Run Behavior\BuildLiteBehavior [ RunTime:0.000023s ]
INFO: [ app_init ] --END-- [ RunTime:0.000448s ]
ERR: 无法加载模块:Res

[ 2015-06-19T16:29:35+08:00 ] 192.168.16.52 /res/focuslist/5580e815f1d18.jpg
INFO: [ app_init ] --START--
INFO: Run Behavior\BuildLiteBehavior [ RunTime:0.000022s ]
INFO: [ app_init ] --END-- [ RunTime:0.000441s ]
ERR: 无法加载模块:Res

[ 2015-06-19T16:29:35+08:00 ] 192.168.16.52 /res/focuslist/5580e815f1d18.jpg
INFO: [ app_init ] --START--
INFO: Run Behavior\BuildLiteBehavior [ RunTime:0.000023s ]
INFO: [ app_init ] --END-- [ RunTime:0.000433s ]
ERR: 无法加载模块:Res

