[ 2015-05-14T12:20:12+08:00 ] 192.168.16.50 /null
INFO: [ app_init ] --START--
INFO: Run Behavior\BuildLiteBehavior [ RunTime:0.000023s ]
INFO: [ app_init ] --END-- [ RunTime:0.000453s ]
ERR: 无法加载模块:Null

[ 2015-05-14T12:20:26+08:00 ] 192.168.16.50 /null
INFO: [ app_init ] --START--
INFO: Run Behavior\BuildLiteBehavior [ RunTime:0.000033s ]
INFO: [ app_init ] --END-- [ RunTime:0.000446s ]
ERR: 无法加载模块:Null

[ 2015-05-14T12:20:27+08:00 ] 192.168.16.50 /null
INFO: [ app_init ] --START--
INFO: Run Behavior\BuildLiteBehavior [ RunTime:0.000023s ]
INFO: [ app_init ] --END-- [ RunTime:0.000434s ]
ERR: 无法加载模块:Null

[ 2015-05-14T12:20:29+08:00 ] 192.168.16.50 /null
INFO: [ app_init ] --START--
INFO: Run Behavior\BuildLiteBehavior [ RunTime:0.000022s ]
INFO: [ app_init ] --END-- [ RunTime:0.000436s ]
ERR: 无法加载模块:Null

[ 2015-05-14T15:50:34+08:00 ] 192.168.16.50 /newsDetailPreview.htm?id=9
INFO: [ app_init ] --START--
INFO: Run Behavior\BuildLiteBehavior [ RunTime:0.000023s ]
INFO: [ app_init ] --END-- [ RunTime:0.000452s ]
ERR: 无法加载模块:NewsDetailPreview

[ 2015-05-14T15:50:35+08:00 ] 192.168.16.50 /newsDetailPreview.htm?id=9
INFO: [ app_init ] --START--
INFO: Run Behavior\BuildLiteBehavior [ RunTime:0.000022s ]
INFO: [ app_init ] --END-- [ RunTime:0.000433s ]
ERR: 无法加载模块:NewsDetailPreview

[ 2015-05-14T15:50:46+08:00 ] 192.168.16.50 /newsDetailPreview.htm?id=9
INFO: [ app_init ] --START--
INFO: Run Behavior\BuildLiteBehavior [ RunTime:0.000022s ]
INFO: [ app_init ] --END-- [ RunTime:0.000434s ]
ERR: 无法加载模块:NewsDetailPreview

[ 2015-05-14T15:50:47+08:00 ] 192.168.16.50 /newsDetailPreview.htm?id=9
INFO: [ app_init ] --START--
INFO: Run Behavior\BuildLiteBehavior [ RunTime:0.000023s ]
INFO: [ app_init ] --END-- [ RunTime:0.000446s ]
ERR: 无法加载模块:NewsDetailPreview

[ 2015-05-14T15:50:59+08:00 ] 192.168.16.50 /newsDetailPreview.htm
INFO: [ app_init ] --START--
INFO: Run Behavior\BuildLiteBehavior [ RunTime:0.000023s ]
INFO: [ app_init ] --END-- [ RunTime:0.000441s ]
ERR: 无法加载模块:NewsDetailPreview

[ 2015-05-14T15:51:01+08:00 ] 192.168.16.50 /newsDetailPreview.htm
INFO: [ app_init ] --START--
INFO: Run Behavior\BuildLiteBehavior [ RunTime:0.000023s ]
INFO: [ app_init ] --END-- [ RunTime:0.000437s ]
ERR: 无法加载模块:NewsDetailPreview

[ 2015-05-14T15:51:02+08:00 ] 192.168.16.50 /newsDetailPreview.htm
INFO: [ app_init ] --START--
INFO: Run Behavior\BuildLiteBehavior [ RunTime:0.000023s ]
INFO: [ app_init ] --END-- [ RunTime:0.000444s ]
ERR: 无法加载模块:NewsDetailPreview

[ 2015-05-14T15:51:45+08:00 ] 192.168.16.50 /newsDetailPreview.htm
INFO: [ app_init ] --START--
INFO: Run Behavior\BuildLiteBehavior [ RunTime:0.000023s ]
INFO: [ app_init ] --END-- [ RunTime:0.000443s ]
ERR: 无法加载模块:NewsDetailPreview

[ 2015-05-14T15:51:46+08:00 ] 192.168.16.50 /newsDetailPreview.htm
INFO: [ app_init ] --START--
INFO: Run Behavior\BuildLiteBehavior [ RunTime:0.000022s ]
INFO: [ app_init ] --END-- [ RunTime:0.000448s ]
ERR: 无法加载模块:NewsDetailPreview

[ 2015-05-14T15:51:46+08:00 ] 192.168.16.50 /newsDetailPreview.htm
INFO: [ app_init ] --START--
INFO: Run Behavior\BuildLiteBehavior [ RunTime:0.000022s ]
INFO: [ app_init ] --END-- [ RunTime:0.000433s ]
ERR: 无法加载模块:NewsDetailPreview

[ 2015-05-14T15:51:46+08:00 ] 192.168.16.50 /newsDetailPreview.htm
INFO: [ app_init ] --START--
INFO: Run Behavior\BuildLiteBehavior [ RunTime:0.000022s ]
INFO: [ app_init ] --END-- [ RunTime:0.000450s ]
ERR: 无法加载模块:NewsDetailPreview

[ 2015-05-14T15:51:47+08:00 ] 192.168.16.50 /newsDetailPreview.htm
INFO: [ app_init ] --START--
INFO: Run Behavior\BuildLiteBehavior [ RunTime:0.000022s ]
INFO: [ app_init ] --END-- [ RunTime:0.000438s ]
ERR: 无法加载模块:NewsDetailPreview

[ 2015-05-14T15:51:47+08:00 ] 192.168.16.50 /newsDetailPreview.htm
INFO: [ app_init ] --START--
INFO: Run Behavior\BuildLiteBehavior [ RunTime:0.000023s ]
INFO: [ app_init ] --END-- [ RunTime:0.000429s ]
ERR: 无法加载模块:NewsDetailPreview

[ 2015-05-14T15:52:22+08:00 ] 192.168.16.50 /newsDetailPreview.htm?id=9
INFO: [ app_init ] --START--
INFO: Run Behavior\BuildLiteBehavior [ RunTime:0.000023s ]
INFO: [ app_init ] --END-- [ RunTime:0.000451s ]
ERR: 无法加载模块:NewsDetailPreview

