[ 2015-06-19T16:26:13+08:00 ] 192.168.16.52 /paper/news/newslist
INFO: [ app_init ] --START--
INFO: Run Behavior\BuildLiteBehavior [ RunTime:0.000022s ]
INFO: [ app_init ] --END-- [ RunTime:0.000450s ]
INFO: [ app_begin ] --START--
INFO: Run Behavior\ReadHtmlCacheBehavior [ RunTime:0.000593s ]
INFO: [ app_begin ] --END-- [ RunTime:0.000696s ]
SQL: SHOW COLUMNS FROM `t_info_original` [ RunTime:0.0156s ]
NOTIC: [2] Missing argument 1 for Paper\Model\NewsModel::getNewsList(), called in /home/yzserver/www/admin_imed_me/admin/Paper/Controller/NewsController.class.php on line 21 and defined /home/yzserver/www/admin_imed_me/admin/Paper/Model/NewsModel.class.php 第 14 行.
NOTIC: [2] Missing argument 2 for Paper\Model\NewsModel::getNewsList(), called in /home/yzserver/www/admin_imed_me/admin/Paper/Controller/NewsController.class.php on line 21 and defined /home/yzserver/www/admin_imed_me/admin/Paper/Model/NewsModel.class.php 第 14 行.
SQL: SET NAMES utf8 [ RunTime:0.0002s ]
SQL: SELECT id, category, title, source, status, level FROM t_info_original WHERE status !=4 ORDER BY create_time DESC [ RunTime:0.0008s ]
INFO: [ view_parse ] --START--
NOTIC: [2] filemtime(): stat failed for /yzserver/www/admin_imed_me/admin/Runtime/Cache/5b7cfc051d8c4e1e79ff979103959d0dad860549.file.news_list.htm.php /home/yzserver/www/ThinkPHPLIB/Library/Vendor/Smarty/sysplugins/smarty_resource.php 第 683 行.
NOTIC: [2] unlink(/yzserver/www/admin_imed_me/admin/Runtime/Cache/5b7cfc051d8c4e1e79ff979103959d0dad860549.file.news_list.htm.php): No such file or directory /home/yzserver/www/ThinkPHPLIB/Library/Vendor/Smarty/sysplugins/smarty_internal_write_file.php 第 49 行.
NOTIC: [2] filemtime(): stat failed for /yzserver/www/admin_imed_me/menu.htm /home/yzserver/www/ThinkPHPLIB/Library/Vendor/Smarty/sysplugins/smarty_resource.php 第 315 行.
ERR: Unable to load template file '/yzserver/www/admin_imed_me//menu.htm' in 'News/news_list.htm'

[ 2015-06-19T16:28:12+08:00 ] 192.168.16.52 /paper/news/newslist
INFO: [ app_init ] --START--
INFO: Run Behavior\BuildLiteBehavior [ RunTime:0.000023s ]
INFO: [ app_init ] --END-- [ RunTime:0.000456s ]
INFO: [ app_begin ] --START--
INFO: Run Behavior\ReadHtmlCacheBehavior [ RunTime:0.000575s ]
INFO: [ app_begin ] --END-- [ RunTime:0.000672s ]
SQL: SHOW COLUMNS FROM `t_info_original` [ RunTime:0.0015s ]
NOTIC: [2] Missing argument 1 for Paper\Model\NewsModel::getNewsList(), called in /home/yzserver/www/admin_imed_me/admin/Paper/Controller/NewsController.class.php on line 21 and defined /home/yzserver/www/admin_imed_me/admin/Paper/Model/NewsModel.class.php 第 14 行.
NOTIC: [2] Missing argument 2 for Paper\Model\NewsModel::getNewsList(), called in /home/yzserver/www/admin_imed_me/admin/Paper/Controller/NewsController.class.php on line 21 and defined /home/yzserver/www/admin_imed_me/admin/Paper/Model/NewsModel.class.php 第 14 行.
SQL: SET NAMES utf8 [ RunTime:0.0002s ]
SQL: SELECT id, category, title, source, status, level FROM t_info_original WHERE status !=4 ORDER BY create_time DESC [ RunTime:0.0004s ]
INFO: [ view_parse ] --START--
NOTIC: [2] filemtime(): stat failed for /yzserver/www/admin_imed_me/admin/Runtime/Cache/1cc46af0c59e5e92a15a42b266202a039475e951.file.menu.htm.php /home/yzserver/www/ThinkPHPLIB/Library/Vendor/Smarty/sysplugins/smarty_resource.php 第 683 行.
NOTIC: [2] unlink(/yzserver/www/admin_imed_me/admin/Runtime/Cache/1cc46af0c59e5e92a15a42b266202a039475e951.file.menu.htm.php): No such file or directory /home/yzserver/www/ThinkPHPLIB/Library/Vendor/Smarty/sysplugins/smarty_internal_write_file.php 第 49 行.
NOTIC: [8] Undefined index: type /home/yzserver/www/admin_imed_me/admin/Runtime/Cache/5b7cfc051d8c4e1e79ff979103959d0dad860549.file.news_list.htm.php 第 95 行.
NOTIC: [8] Undefined index: type /home/yzserver/www/admin_imed_me/admin/Runtime/Cache/5b7cfc051d8c4e1e79ff979103959d0dad860549.file.news_list.htm.php 第 95 行.
NOTIC: [8] Undefined index: type /home/yzserver/www/admin_imed_me/admin/Runtime/Cache/5b7cfc051d8c4e1e79ff979103959d0dad860549.file.news_list.htm.php 第 95 行.
NOTIC: [8] Undefined index: type /home/yzserver/www/admin_imed_me/admin/Runtime/Cache/5b7cfc051d8c4e1e79ff979103959d0dad860549.file.news_list.htm.php 第 95 行.
NOTIC: [8] Undefined index: type /home/yzserver/www/admin_imed_me/admin/Runtime/Cache/5b7cfc051d8c4e1e79ff979103959d0dad860549.file.news_list.htm.php 第 95 行.
NOTIC: [8] Undefined index: type /home/yzserver/www/admin_imed_me/admin/Runtime/Cache/5b7cfc051d8c4e1e79ff979103959d0dad860549.file.news_list.htm.php 第 95 行.
NOTIC: [8] Undefined index: type /home/yzserver/www/admin_imed_me/admin/Runtime/Cache/5b7cfc051d8c4e1e79ff979103959d0dad860549.file.news_list.htm.php 第 95 行.
INFO: Run Behavior\ParseTemplateBehavior [ RunTime:0.057393s ]
INFO: [ view_parse ] --END-- [ RunTime:0.057486s ]
INFO: [ view_filter ] --START--
INFO: Run Behavior\WriteHtmlCacheBehavior [ RunTime:0.000227s ]
INFO: [ view_filter ] --END-- [ RunTime:0.000328s ]
INFO: [ app_end ] --START--
INFO: Run Behavior\ShowPageTraceBehavior [ RunTime:0.000683s ]
INFO: [ app_end ] --END-- [ RunTime:0.000775s ]

[ 2015-06-19T16:30:10+08:00 ] 192.168.16.52 /paper/news/newslist
INFO: [ app_init ] --START--
INFO: Run Behavior\BuildLiteBehavior [ RunTime:0.000016s ]
INFO: [ app_init ] --END-- [ RunTime:0.000296s ]
INFO: [ app_begin ] --START--
INFO: Run Behavior\ReadHtmlCacheBehavior [ RunTime:0.000382s ]
INFO: [ app_begin ] --END-- [ RunTime:0.000447s ]
SQL: SHOW COLUMNS FROM `t_info_original` [ RunTime:0.0010s ]
NOTIC: [2] Missing argument 1 for Paper\Model\NewsModel::getNewsList(), called in /home/yzserver/www/admin_imed_me/admin/Paper/Controller/NewsController.class.php on line 21 and defined /home/yzserver/www/admin_imed_me/admin/Paper/Model/NewsModel.class.php 第 14 行.
NOTIC: [2] Missing argument 2 for Paper\Model\NewsModel::getNewsList(), called in /home/yzserver/www/admin_imed_me/admin/Paper/Controller/NewsController.class.php on line 21 and defined /home/yzserver/www/admin_imed_me/admin/Paper/Model/NewsModel.class.php 第 14 行.
SQL: SET NAMES utf8 [ RunTime:0.0001s ]
SQL: SELECT id, category, title, source, status, level FROM t_info_original WHERE status !=4 ORDER BY create_time DESC [ RunTime:0.0003s ]
INFO: [ view_parse ] --START--
NOTIC: [8] Undefined index: type /home/yzserver/www/admin_imed_me/admin/Runtime/Cache/5b7cfc051d8c4e1e79ff979103959d0dad860549.file.news_list.htm.php 第 95 行.
NOTIC: [8] Undefined index: type /home/yzserver/www/admin_imed_me/admin/Runtime/Cache/5b7cfc051d8c4e1e79ff979103959d0dad860549.file.news_list.htm.php 第 95 行.
NOTIC: [8] Undefined index: type /home/yzserver/www/admin_imed_me/admin/Runtime/Cache/5b7cfc051d8c4e1e79ff979103959d0dad860549.file.news_list.htm.php 第 95 行.
NOTIC: [8] Undefined index: type /home/yzserver/www/admin_imed_me/admin/Runtime/Cache/5b7cfc051d8c4e1e79ff979103959d0dad860549.file.news_list.htm.php 第 95 行.
NOTIC: [8] Undefined index: type /home/yzserver/www/admin_imed_me/admin/Runtime/Cache/5b7cfc051d8c4e1e79ff979103959d0dad860549.file.news_list.htm.php 第 95 行.
NOTIC: [8] Undefined index: type /home/yzserver/www/admin_imed_me/admin/Runtime/Cache/5b7cfc051d8c4e1e79ff979103959d0dad860549.file.news_list.htm.php 第 95 行.
NOTIC: [8] Undefined index: type /home/yzserver/www/admin_imed_me/admin/Runtime/Cache/5b7cfc051d8c4e1e79ff979103959d0dad860549.file.news_list.htm.php 第 95 行.
INFO: Run Behavior\ParseTemplateBehavior [ RunTime:0.009714s ]
INFO: [ view_parse ] --END-- [ RunTime:0.009775s ]
INFO: [ view_filter ] --START--
INFO: Run Behavior\WriteHtmlCacheBehavior [ RunTime:0.000132s ]
INFO: [ view_filter ] --END-- [ RunTime:0.000190s ]
INFO: [ app_end ] --START--
INFO: Run Behavior\ShowPageTraceBehavior [ RunTime:0.000440s ]
INFO: [ app_end ] --END-- [ RunTime:0.000503s ]

[ 2015-06-19T16:30:14+08:00 ] 192.168.16.52 /paper/news/newslist
INFO: [ app_init ] --START--
INFO: Run Behavior\BuildLiteBehavior [ RunTime:0.000022s ]
INFO: [ app_init ] --END-- [ RunTime:0.000450s ]
INFO: [ app_begin ] --START--
INFO: Run Behavior\ReadHtmlCacheBehavior [ RunTime:0.000568s ]
INFO: [ app_begin ] --END-- [ RunTime:0.000667s ]
SQL: SHOW COLUMNS FROM `t_info_original` [ RunTime:0.0015s ]
NOTIC: [2] Missing argument 1 for Paper\Model\NewsModel::getNewsList(), called in /home/yzserver/www/admin_imed_me/admin/Paper/Controller/NewsController.class.php on line 21 and defined /home/yzserver/www/admin_imed_me/admin/Paper/Model/NewsModel.class.php 第 14 行.
NOTIC: [2] Missing argument 2 for Paper\Model\NewsModel::getNewsList(), called in /home/yzserver/www/admin_imed_me/admin/Paper/Controller/NewsController.class.php on line 21 and defined /home/yzserver/www/admin_imed_me/admin/Paper/Model/NewsModel.class.php 第 14 行.
SQL: SET NAMES utf8 [ RunTime:0.0002s ]
SQL: SELECT id, category, title, source, status, level FROM t_info_original WHERE status !=4 ORDER BY create_time DESC [ RunTime:0.0004s ]
INFO: [ view_parse ] --START--
NOTIC: [8] Undefined index: type /home/yzserver/www/admin_imed_me/admin/Runtime/Cache/5b7cfc051d8c4e1e79ff979103959d0dad860549.file.news_list.htm.php 第 95 行.
NOTIC: [8] Undefined index: type /home/yzserver/www/admin_imed_me/admin/Runtime/Cache/5b7cfc051d8c4e1e79ff979103959d0dad860549.file.news_list.htm.php 第 95 行.
NOTIC: [8] Undefined index: type /home/yzserver/www/admin_imed_me/admin/Runtime/Cache/5b7cfc051d8c4e1e79ff979103959d0dad860549.file.news_list.htm.php 第 95 行.
NOTIC: [8] Undefined index: type /home/yzserver/www/admin_imed_me/admin/Runtime/Cache/5b7cfc051d8c4e1e79ff979103959d0dad860549.file.news_list.htm.php 第 95 行.
NOTIC: [8] Undefined index: type /home/yzserver/www/admin_imed_me/admin/Runtime/Cache/5b7cfc051d8c4e1e79ff979103959d0dad860549.file.news_list.htm.php 第 95 行.
NOTIC: [8] Undefined index: type /home/yzserver/www/admin_imed_me/admin/Runtime/Cache/5b7cfc051d8c4e1e79ff979103959d0dad860549.file.news_list.htm.php 第 95 行.
NOTIC: [8] Undefined index: type /home/yzserver/www/admin_imed_me/admin/Runtime/Cache/5b7cfc051d8c4e1e79ff979103959d0dad860549.file.news_list.htm.php 第 95 行.
INFO: Run Behavior\ParseTemplateBehavior [ RunTime:0.013694s ]
INFO: [ view_parse ] --END-- [ RunTime:0.013784s ]
INFO: [ view_filter ] --START--
INFO: Run Behavior\WriteHtmlCacheBehavior [ RunTime:0.000198s ]
INFO: [ view_filter ] --END-- [ RunTime:0.000283s ]
INFO: [ app_end ] --START--
INFO: Run Behavior\ShowPageTraceBehavior [ RunTime:0.000617s ]
INFO: [ app_end ] --END-- [ RunTime:0.000711s ]

[ 2015-06-19T16:30:42+08:00 ] 192.168.16.52 /paper/news/newslist
INFO: [ app_init ] --START--
INFO: Run Behavior\BuildLiteBehavior [ RunTime:0.000023s ]
INFO: [ app_init ] --END-- [ RunTime:0.000436s ]
INFO: [ app_begin ] --START--
INFO: Run Behavior\ReadHtmlCacheBehavior [ RunTime:0.000553s ]
INFO: [ app_begin ] --END-- [ RunTime:0.000649s ]
SQL: SHOW COLUMNS FROM `t_info_original` [ RunTime:0.0015s ]
NOTIC: [2] Missing argument 1 for Paper\Model\NewsModel::getNewsList(), called in /home/yzserver/www/admin_imed_me/admin/Paper/Controller/NewsController.class.php on line 21 and defined /home/yzserver/www/admin_imed_me/admin/Paper/Model/NewsModel.class.php 第 14 行.
NOTIC: [2] Missing argument 2 for Paper\Model\NewsModel::getNewsList(), called in /home/yzserver/www/admin_imed_me/admin/Paper/Controller/NewsController.class.php on line 21 and defined /home/yzserver/www/admin_imed_me/admin/Paper/Model/NewsModel.class.php 第 14 行.
SQL: SET NAMES utf8 [ RunTime:0.0002s ]
SQL: SELECT id, category, title, source, status, level FROM t_info_original WHERE status !=4 ORDER BY create_time DESC [ RunTime:0.0004s ]
INFO: [ view_parse ] --START--
NOTIC: [8] Undefined index: type /home/yzserver/www/admin_imed_me/admin/Runtime/Cache/5b7cfc051d8c4e1e79ff979103959d0dad860549.file.news_list.htm.php 第 95 行.
NOTIC: [8] Undefined index: type /home/yzserver/www/admin_imed_me/admin/Runtime/Cache/5b7cfc051d8c4e1e79ff979103959d0dad860549.file.news_list.htm.php 第 95 行.
NOTIC: [8] Undefined index: type /home/yzserver/www/admin_imed_me/admin/Runtime/Cache/5b7cfc051d8c4e1e79ff979103959d0dad860549.file.news_list.htm.php 第 95 行.
NOTIC: [8] Undefined index: type /home/yzserver/www/admin_imed_me/admin/Runtime/Cache/5b7cfc051d8c4e1e79ff979103959d0dad860549.file.news_list.htm.php 第 95 行.
NOTIC: [8] Undefined index: type /home/yzserver/www/admin_imed_me/admin/Runtime/Cache/5b7cfc051d8c4e1e79ff979103959d0dad860549.file.news_list.htm.php 第 95 行.
NOTIC: [8] Undefined index: type /home/yzserver/www/admin_imed_me/admin/Runtime/Cache/5b7cfc051d8c4e1e79ff979103959d0dad860549.file.news_list.htm.php 第 95 行.
NOTIC: [8] Undefined index: type /home/yzserver/www/admin_imed_me/admin/Runtime/Cache/5b7cfc051d8c4e1e79ff979103959d0dad860549.file.news_list.htm.php 第 95 行.
INFO: Run Behavior\ParseTemplateBehavior [ RunTime:0.013512s ]
INFO: [ view_parse ] --END-- [ RunTime:0.013603s ]
INFO: [ view_filter ] --START--
INFO: Run Behavior\WriteHtmlCacheBehavior [ RunTime:0.000192s ]
INFO: [ view_filter ] --END-- [ RunTime:0.000276s ]
INFO: [ app_end ] --START--
INFO: Run Behavior\ShowPageTraceBehavior [ RunTime:0.000630s ]
INFO: [ app_end ] --END-- [ RunTime:0.000723s ]

