[ 2015-06-23T15:23:07+08:00 ] 192.168.16.46 /manage/focus/focuslist
INFO: [ app_init ] --START--
INFO: Run Behavior\BuildLiteBehavior [ RunTime:0.000022s ]
INFO: [ app_init ] --END-- [ RunTime:0.000430s ]
INFO: [ app_begin ] --START--
INFO: Run Behavior\ReadHtmlCacheBehavior [ RunTime:0.000559s ]
INFO: [ app_begin ] --END-- [ RunTime:0.000656s ]
SQL: SHOW COLUMNS FROM `t_slider_panel_image` [ RunTime:0.0015s ]
NOTIC: [2] Missing argument 1 for Manage\Model\FocusModel::getFocusList(), called in /home/yzserver/www/admin_imed_me/admin/Manage/Controller/FocusController.class.php on line 21 and defined /home/yzserver/www/admin_imed_me/admin/Manage/Model/FocusModel.class.php 第 14 行.
NOTIC: [2] Missing argument 2 for Manage\Model\FocusModel::getFocusList(), called in /home/yzserver/www/admin_imed_me/admin/Manage/Controller/FocusController.class.php on line 21 and defined /home/yzserver/www/admin_imed_me/admin/Manage/Model/FocusModel.class.php 第 14 行.
SQL: SET NAMES utf8 [ RunTime:0.0002s ]
SQL: SELECT id, title, url, CONCAT('focuslist/',img_url) AS imgurl, level, start_time, end_time, status FROM t_slider_panel_image WHERE status !=2 ORDER BY create_time DESC [ RunTime:0.0189s ]
INFO: [ view_parse ] --START--
INFO: Run Behavior\ParseTemplateBehavior [ RunTime:0.047479s ]
INFO: [ view_parse ] --END-- [ RunTime:0.047603s ]
INFO: [ view_filter ] --START--
INFO: Run Behavior\WriteHtmlCacheBehavior [ RunTime:0.000228s ]
INFO: [ view_filter ] --END-- [ RunTime:0.000314s ]
INFO: [ app_end ] --START--
INFO: Run Behavior\ShowPageTraceBehavior [ RunTime:0.000611s ]
INFO: [ app_end ] --END-- [ RunTime:0.000698s ]

[ 2015-06-23T15:23:47+08:00 ] 192.168.16.46 /manage/focus/focuslist
INFO: [ app_init ] --START--
INFO: Run Behavior\BuildLiteBehavior [ RunTime:0.000023s ]
INFO: [ app_init ] --END-- [ RunTime:0.000449s ]
INFO: [ app_begin ] --START--
INFO: Run Behavior\ReadHtmlCacheBehavior [ RunTime:0.000569s ]
INFO: [ app_begin ] --END-- [ RunTime:0.000667s ]
SQL: SHOW COLUMNS FROM `t_slider_panel_image` [ RunTime:0.0014s ]
NOTIC: [2] Missing argument 1 for Manage\Model\FocusModel::getFocusList(), called in /home/yzserver/www/admin_imed_me/admin/Manage/Controller/FocusController.class.php on line 21 and defined /home/yzserver/www/admin_imed_me/admin/Manage/Model/FocusModel.class.php 第 14 行.
NOTIC: [2] Missing argument 2 for Manage\Model\FocusModel::getFocusList(), called in /home/yzserver/www/admin_imed_me/admin/Manage/Controller/FocusController.class.php on line 21 and defined /home/yzserver/www/admin_imed_me/admin/Manage/Model/FocusModel.class.php 第 14 行.
SQL: SET NAMES utf8 [ RunTime:0.0002s ]
SQL: SELECT id, title, url, CONCAT('focuslist/',img_url) AS imgurl, level, start_time, end_time, status FROM t_slider_panel_image WHERE status !=2 ORDER BY create_time DESC [ RunTime:0.0004s ]
INFO: [ view_parse ] --START--
INFO: Run Behavior\ParseTemplateBehavior [ RunTime:0.013791s ]
INFO: [ view_parse ] --END-- [ RunTime:0.013889s ]
INFO: [ view_filter ] --START--
INFO: Run Behavior\WriteHtmlCacheBehavior [ RunTime:0.000193s ]
INFO: [ view_filter ] --END-- [ RunTime:0.000281s ]
INFO: [ app_end ] --START--
INFO: Run Behavior\ShowPageTraceBehavior [ RunTime:0.000587s ]
INFO: [ app_end ] --END-- [ RunTime:0.000690s ]

[ 2015-06-23T15:23:48+08:00 ] 192.168.16.46 /manage/secret/secretlist
INFO: [ app_init ] --START--
INFO: Run Behavior\BuildLiteBehavior [ RunTime:0.000022s ]
INFO: [ app_init ] --END-- [ RunTime:0.000445s ]
INFO: [ app_begin ] --START--
INFO: Run Behavior\ReadHtmlCacheBehavior [ RunTime:0.000566s ]
INFO: [ app_begin ] --END-- [ RunTime:0.000664s ]
SQL: SHOW COLUMNS FROM `t_slider_panel_image` [ RunTime:0.0015s ]
SQL: SET NAMES utf8 [ RunTime:0.0002s ]
SQL: SELECT a.id,a.user_id,a.uptimes,a.type,a.status,a.content,a.create_time,b.user_uid as mobile,c.user_name as name
				FROM t_secret a LEFT JOIN t_user_info  b ON a.user_id=b.id  LEFT JOIN t_personal_info c ON a.user_id=c.user_id
				WHERE 1=1 ORDER BY create_time DESC [ RunTime:0.0499s ]
INFO: [ view_parse ] --START--
INFO: Run Behavior\ParseTemplateBehavior [ RunTime:0.014822s ]
INFO: [ view_parse ] --END-- [ RunTime:0.014925s ]
INFO: [ view_filter ] --START--
INFO: Run Behavior\WriteHtmlCacheBehavior [ RunTime:0.000210s ]
INFO: [ view_filter ] --END-- [ RunTime:0.000297s ]
INFO: [ app_end ] --START--
INFO: Run Behavior\ShowPageTraceBehavior [ RunTime:0.000654s ]
INFO: [ app_end ] --END-- [ RunTime:0.000756s ]

[ 2015-06-23T15:23:50+08:00 ] 192.168.16.46 /manage/focus/focuslist
INFO: [ app_init ] --START--
INFO: Run Behavior\BuildLiteBehavior [ RunTime:0.000022s ]
INFO: [ app_init ] --END-- [ RunTime:0.000446s ]
INFO: [ app_begin ] --START--
INFO: Run Behavior\ReadHtmlCacheBehavior [ RunTime:0.000567s ]
INFO: [ app_begin ] --END-- [ RunTime:0.000661s ]
SQL: SHOW COLUMNS FROM `t_slider_panel_image` [ RunTime:0.0015s ]
NOTIC: [2] Missing argument 1 for Manage\Model\FocusModel::getFocusList(), called in /home/yzserver/www/admin_imed_me/admin/Manage/Controller/FocusController.class.php on line 21 and defined /home/yzserver/www/admin_imed_me/admin/Manage/Model/FocusModel.class.php 第 14 行.
NOTIC: [2] Missing argument 2 for Manage\Model\FocusModel::getFocusList(), called in /home/yzserver/www/admin_imed_me/admin/Manage/Controller/FocusController.class.php on line 21 and defined /home/yzserver/www/admin_imed_me/admin/Manage/Model/FocusModel.class.php 第 14 行.
SQL: SET NAMES utf8 [ RunTime:0.0002s ]
SQL: SELECT id, title, url, CONCAT('focuslist/',img_url) AS imgurl, level, start_time, end_time, status FROM t_slider_panel_image WHERE status !=2 ORDER BY create_time DESC [ RunTime:0.0005s ]
INFO: [ view_parse ] --START--
INFO: Run Behavior\ParseTemplateBehavior [ RunTime:0.013798s ]
INFO: [ view_parse ] --END-- [ RunTime:0.013894s ]
INFO: [ view_filter ] --START--
INFO: Run Behavior\WriteHtmlCacheBehavior [ RunTime:0.000194s ]
INFO: [ view_filter ] --END-- [ RunTime:0.000282s ]
INFO: [ app_end ] --START--
INFO: Run Behavior\ShowPageTraceBehavior [ RunTime:0.000596s ]
INFO: [ app_end ] --END-- [ RunTime:0.000684s ]

[ 2015-06-23T15:23:53+08:00 ] 192.168.16.46 /manage/focus/focuslist
INFO: [ app_init ] --START--
INFO: Run Behavior\BuildLiteBehavior [ RunTime:0.000023s ]
INFO: [ app_init ] --END-- [ RunTime:0.000429s ]
INFO: [ app_begin ] --START--
INFO: Run Behavior\ReadHtmlCacheBehavior [ RunTime:0.000554s ]
INFO: [ app_begin ] --END-- [ RunTime:0.000664s ]
SQL: SHOW COLUMNS FROM `t_slider_panel_image` [ RunTime:0.0014s ]
NOTIC: [2] Missing argument 1 for Manage\Model\FocusModel::getFocusList(), called in /home/yzserver/www/admin_imed_me/admin/Manage/Controller/FocusController.class.php on line 21 and defined /home/yzserver/www/admin_imed_me/admin/Manage/Model/FocusModel.class.php 第 14 行.
NOTIC: [2] Missing argument 2 for Manage\Model\FocusModel::getFocusList(), called in /home/yzserver/www/admin_imed_me/admin/Manage/Controller/FocusController.class.php on line 21 and defined /home/yzserver/www/admin_imed_me/admin/Manage/Model/FocusModel.class.php 第 14 行.
SQL: SET NAMES utf8 [ RunTime:0.0002s ]
SQL: SELECT id, title, url, CONCAT('focuslist/',img_url) AS imgurl, level, start_time, end_time, status FROM t_slider_panel_image WHERE status !=2 ORDER BY create_time DESC [ RunTime:0.0004s ]
INFO: [ view_parse ] --START--
INFO: Run Behavior\ParseTemplateBehavior [ RunTime:0.013656s ]
INFO: [ view_parse ] --END-- [ RunTime:0.013753s ]
INFO: [ view_filter ] --START--
INFO: Run Behavior\WriteHtmlCacheBehavior [ RunTime:0.000187s ]
INFO: [ view_filter ] --END-- [ RunTime:0.000288s ]
INFO: [ app_end ] --START--
INFO: Run Behavior\ShowPageTraceBehavior [ RunTime:0.000583s ]
INFO: [ app_end ] --END-- [ RunTime:0.000673s ]

[ 2015-06-23T16:00:05+08:00 ] 192.168.16.46 /manage/focus/focuslist
INFO: [ app_init ] --START--
INFO: Run Behavior\BuildLiteBehavior [ RunTime:0.000017s ]
INFO: [ app_init ] --END-- [ RunTime:0.000310s ]
INFO: [ app_begin ] --START--
INFO: Run Behavior\ReadHtmlCacheBehavior [ RunTime:0.000380s ]
INFO: [ app_begin ] --END-- [ RunTime:0.000446s ]
SQL: SHOW COLUMNS FROM `t_slider_panel_image` [ RunTime:0.0011s ]
NOTIC: [2] Missing argument 1 for Manage\Model\FocusModel::getFocusList(), called in /home/yzserver/www/admin_imed_me/admin/Manage/Controller/FocusController.class.php on line 21 and defined /home/yzserver/www/admin_imed_me/admin/Manage/Model/FocusModel.class.php 第 14 行.
NOTIC: [2] Missing argument 2 for Manage\Model\FocusModel::getFocusList(), called in /home/yzserver/www/admin_imed_me/admin/Manage/Controller/FocusController.class.php on line 21 and defined /home/yzserver/www/admin_imed_me/admin/Manage/Model/FocusModel.class.php 第 14 行.
SQL: SET NAMES utf8 [ RunTime:0.0001s ]
SQL: SELECT id, title, url, CONCAT('focuslist/',img_url) AS imgurl, level, start_time, end_time, status FROM t_slider_panel_image WHERE status !=2 ORDER BY create_time DESC [ RunTime:0.0003s ]
INFO: [ view_parse ] --START--
INFO: Run Behavior\ParseTemplateBehavior [ RunTime:0.009197s ]
INFO: [ view_parse ] --END-- [ RunTime:0.009262s ]
INFO: [ view_filter ] --START--
INFO: Run Behavior\WriteHtmlCacheBehavior [ RunTime:0.000135s ]
INFO: [ view_filter ] --END-- [ RunTime:0.000194s ]
INFO: [ app_end ] --START--
INFO: Run Behavior\ShowPageTraceBehavior [ RunTime:0.000389s ]
INFO: [ app_end ] --END-- [ RunTime:0.000449s ]

[ 2015-06-23T16:00:07+08:00 ] 192.168.16.46 /manage/secret/secretlist
INFO: [ app_init ] --START--
INFO: Run Behavior\BuildLiteBehavior [ RunTime:0.000017s ]
INFO: [ app_init ] --END-- [ RunTime:0.000310s ]
INFO: [ app_begin ] --START--
INFO: Run Behavior\ReadHtmlCacheBehavior [ RunTime:0.000375s ]
INFO: [ app_begin ] --END-- [ RunTime:0.000440s ]
SQL: SHOW COLUMNS FROM `t_slider_panel_image` [ RunTime:0.0010s ]
SQL: SET NAMES utf8 [ RunTime:0.0001s ]
SQL: SELECT a.id,a.user_id,a.uptimes,a.type,a.status,a.content,a.create_time,b.user_uid as mobile,c.user_name as name
				FROM t_secret a LEFT JOIN t_user_info  b ON a.user_id=b.id  LEFT JOIN t_personal_info c ON a.user_id=c.user_id
				WHERE 1=1 ORDER BY create_time DESC [ RunTime:0.0015s ]
INFO: [ view_parse ] --START--
INFO: Run Behavior\ParseTemplateBehavior [ RunTime:0.009698s ]
INFO: [ view_parse ] --END-- [ RunTime:0.009766s ]
INFO: [ view_filter ] --START--
INFO: Run Behavior\WriteHtmlCacheBehavior [ RunTime:0.000130s ]
INFO: [ view_filter ] --END-- [ RunTime:0.000187s ]
INFO: [ app_end ] --START--
INFO: Run Behavior\ShowPageTraceBehavior [ RunTime:0.000395s ]
INFO: [ app_end ] --END-- [ RunTime:0.000458s ]

[ 2015-06-23T16:00:11+08:00 ] 192.168.16.46 /manage/focus/focuslist
INFO: [ app_init ] --START--
INFO: Run Behavior\BuildLiteBehavior [ RunTime:0.000017s ]
INFO: [ app_init ] --END-- [ RunTime:0.000309s ]
INFO: [ app_begin ] --START--
INFO: Run Behavior\ReadHtmlCacheBehavior [ RunTime:0.000371s ]
INFO: [ app_begin ] --END-- [ RunTime:0.000437s ]
SQL: SHOW COLUMNS FROM `t_slider_panel_image` [ RunTime:0.0009s ]
NOTIC: [2] Missing argument 1 for Manage\Model\FocusModel::getFocusList(), called in /home/yzserver/www/admin_imed_me/admin/Manage/Controller/FocusController.class.php on line 21 and defined /home/yzserver/www/admin_imed_me/admin/Manage/Model/FocusModel.class.php 第 14 行.
NOTIC: [2] Missing argument 2 for Manage\Model\FocusModel::getFocusList(), called in /home/yzserver/www/admin_imed_me/admin/Manage/Controller/FocusController.class.php on line 21 and defined /home/yzserver/www/admin_imed_me/admin/Manage/Model/FocusModel.class.php 第 14 行.
SQL: SET NAMES utf8 [ RunTime:0.0002s ]
SQL: SELECT id, title, url, CONCAT('focuslist/',img_url) AS imgurl, level, start_time, end_time, status FROM t_slider_panel_image WHERE status !=2 ORDER BY create_time DESC [ RunTime:0.0003s ]
INFO: [ view_parse ] --START--
INFO: Run Behavior\ParseTemplateBehavior [ RunTime:0.009172s ]
INFO: [ view_parse ] --END-- [ RunTime:0.009245s ]
INFO: [ view_filter ] --START--
INFO: Run Behavior\WriteHtmlCacheBehavior [ RunTime:0.000129s ]
INFO: [ view_filter ] --END-- [ RunTime:0.000188s ]
INFO: [ app_end ] --START--
INFO: Run Behavior\ShowPageTraceBehavior [ RunTime:0.000393s ]
INFO: [ app_end ] --END-- [ RunTime:0.000452s ]

[ 2015-06-23T17:19:50+08:00 ] 192.168.16.46 /manage/focus/focuslist
INFO: [ app_init ] --START--
INFO: Run Behavior\BuildLiteBehavior [ RunTime:0.000023s ]
INFO: [ app_init ] --END-- [ RunTime:0.000434s ]
INFO: [ app_begin ] --START--
INFO: Run Behavior\ReadHtmlCacheBehavior [ RunTime:0.000559s ]
INFO: [ app_begin ] --END-- [ RunTime:0.000657s ]
SQL: SHOW COLUMNS FROM `t_slider_panel_image` [ RunTime:0.0014s ]
NOTIC: [2] Missing argument 1 for Manage\Model\FocusModel::getFocusList(), called in /home/yzserver/www/admin_imed_me/admin/Manage/Controller/FocusController.class.php on line 21 and defined /home/yzserver/www/admin_imed_me/admin/Manage/Model/FocusModel.class.php 第 14 行.
NOTIC: [2] Missing argument 2 for Manage\Model\FocusModel::getFocusList(), called in /home/yzserver/www/admin_imed_me/admin/Manage/Controller/FocusController.class.php on line 21 and defined /home/yzserver/www/admin_imed_me/admin/Manage/Model/FocusModel.class.php 第 14 行.
SQL: SET NAMES utf8 [ RunTime:0.0002s ]
SQL: SELECT id, title, url, CONCAT('focuslist/',img_url) AS imgurl, level, start_time, end_time, status FROM t_slider_panel_image WHERE status !=2 ORDER BY create_time DESC [ RunTime:0.0004s ]
INFO: [ view_parse ] --START--
INFO: Run Behavior\ParseTemplateBehavior [ RunTime:0.014059s ]
INFO: [ view_parse ] --END-- [ RunTime:0.014159s ]
INFO: [ view_filter ] --START--
INFO: Run Behavior\WriteHtmlCacheBehavior [ RunTime:0.000195s ]
INFO: [ view_filter ] --END-- [ RunTime:0.000291s ]
INFO: [ app_end ] --START--
INFO: Run Behavior\ShowPageTraceBehavior [ RunTime:0.000641s ]
INFO: [ app_end ] --END-- [ RunTime:0.000735s ]

[ 2015-06-23T17:26:37+08:00 ] 192.168.16.46 /manage/focus/focuslist
INFO: [ app_init ] --START--
INFO: Run Behavior\BuildLiteBehavior [ RunTime:0.000034s ]
INFO: [ app_init ] --END-- [ RunTime:0.000451s ]
INFO: [ app_begin ] --START--
INFO: Run Behavior\ReadHtmlCacheBehavior [ RunTime:0.000569s ]
INFO: [ app_begin ] --END-- [ RunTime:0.000668s ]
SQL: SHOW COLUMNS FROM `t_slider_panel_image` [ RunTime:0.0015s ]
NOTIC: [2] Missing argument 1 for Manage\Model\FocusModel::getFocusList(), called in /home/yzserver/www/admin_imed_me/admin/Manage/Controller/FocusController.class.php on line 21 and defined /home/yzserver/www/admin_imed_me/admin/Manage/Model/FocusModel.class.php 第 14 行.
NOTIC: [2] Missing argument 2 for Manage\Model\FocusModel::getFocusList(), called in /home/yzserver/www/admin_imed_me/admin/Manage/Controller/FocusController.class.php on line 21 and defined /home/yzserver/www/admin_imed_me/admin/Manage/Model/FocusModel.class.php 第 14 行.
SQL: SET NAMES utf8 [ RunTime:0.0002s ]
SQL: SELECT id, title, url, CONCAT('focuslist/',img_url) AS imgurl, level, start_time, end_time, status FROM t_slider_panel_image WHERE status !=2 ORDER BY create_time DESC [ RunTime:0.0005s ]
INFO: [ view_parse ] --START--
INFO: Run Behavior\ParseTemplateBehavior [ RunTime:0.013850s ]
INFO: [ view_parse ] --END-- [ RunTime:0.013948s ]
INFO: [ view_filter ] --START--
INFO: Run Behavior\WriteHtmlCacheBehavior [ RunTime:0.000193s ]
INFO: [ view_filter ] --END-- [ RunTime:0.000281s ]
INFO: [ app_end ] --START--
INFO: Run Behavior\ShowPageTraceBehavior [ RunTime:0.000611s ]
INFO: [ app_end ] --END-- [ RunTime:0.000705s ]

[ 2015-06-23T17:26:39+08:00 ] 192.168.16.46 /manage/focus/focusadd
INFO: [ app_init ] --START--
INFO: Run Behavior\BuildLiteBehavior [ RunTime:0.000023s ]
INFO: [ app_init ] --END-- [ RunTime:0.000450s ]
INFO: [ app_begin ] --START--
INFO: Run Behavior\ReadHtmlCacheBehavior [ RunTime:0.000567s ]
INFO: [ app_begin ] --END-- [ RunTime:0.000665s ]
SQL: SHOW COLUMNS FROM `t_slider_panel_image` [ RunTime:0.0015s ]
INFO: [ view_parse ] --START--
NOTIC: [2] filemtime(): stat failed for /yzserver/www/admin_imed_me/admin/Runtime/Cache/f0b15ee84c8733d1b1b94a81538a8b63712d660b.file.focusadd.htm.php /home/yzserver/www/ThinkPHPLIB/Library/Vendor/Smarty/sysplugins/smarty_resource.php 第 683 行.
NOTIC: [2] unlink(/yzserver/www/admin_imed_me/admin/Runtime/Cache/f0b15ee84c8733d1b1b94a81538a8b63712d660b.file.focusadd.htm.php): No such file or directory /home/yzserver/www/ThinkPHPLIB/Library/Vendor/Smarty/sysplugins/smarty_internal_write_file.php 第 49 行.
INFO: Run Behavior\ParseTemplateBehavior [ RunTime:0.109696s ]
INFO: [ view_parse ] --END-- [ RunTime:0.109820s ]
INFO: [ view_filter ] --START--
INFO: Run Behavior\WriteHtmlCacheBehavior [ RunTime:0.000222s ]
INFO: [ view_filter ] --END-- [ RunTime:0.000310s ]
INFO: [ app_end ] --START--
INFO: Run Behavior\ShowPageTraceBehavior [ RunTime:0.000647s ]
INFO: [ app_end ] --END-- [ RunTime:0.000736s ]

[ 2015-06-23T17:26:59+08:00 ] 192.168.16.46 /manage/focus/focuslist
INFO: [ app_init ] --START--
INFO: Run Behavior\BuildLiteBehavior [ RunTime:0.000038s ]
INFO: [ app_init ] --END-- [ RunTime:0.000452s ]
INFO: [ app_begin ] --START--
INFO: Run Behavior\ReadHtmlCacheBehavior [ RunTime:0.000560s ]
INFO: [ app_begin ] --END-- [ RunTime:0.000661s ]
SQL: SHOW COLUMNS FROM `t_slider_panel_image` [ RunTime:0.0014s ]
NOTIC: [2] Missing argument 1 for Manage\Model\FocusModel::getFocusList(), called in /home/yzserver/www/admin_imed_me/admin/Manage/Controller/FocusController.class.php on line 21 and defined /home/yzserver/www/admin_imed_me/admin/Manage/Model/FocusModel.class.php 第 14 行.
NOTIC: [2] Missing argument 2 for Manage\Model\FocusModel::getFocusList(), called in /home/yzserver/www/admin_imed_me/admin/Manage/Controller/FocusController.class.php on line 21 and defined /home/yzserver/www/admin_imed_me/admin/Manage/Model/FocusModel.class.php 第 14 行.
SQL: SET NAMES utf8 [ RunTime:0.0002s ]
SQL: SELECT id, title, url, CONCAT('focuslist/',img_url) AS imgurl, level, start_time, end_time, status FROM t_slider_panel_image WHERE status !=2 ORDER BY create_time DESC [ RunTime:0.0004s ]
INFO: [ view_parse ] --START--
INFO: Run Behavior\ParseTemplateBehavior [ RunTime:0.013783s ]
INFO: [ view_parse ] --END-- [ RunTime:0.013893s ]
INFO: [ view_filter ] --START--
INFO: Run Behavior\WriteHtmlCacheBehavior [ RunTime:0.000194s ]
INFO: [ view_filter ] --END-- [ RunTime:0.000282s ]
INFO: [ app_end ] --START--
INFO: Run Behavior\ShowPageTraceBehavior [ RunTime:0.000602s ]
INFO: [ app_end ] --END-- [ RunTime:0.000689s ]

[ 2015-06-23T17:27:00+08:00 ] 192.168.16.46 /manage/focus/focusadd
INFO: [ app_init ] --START--
INFO: Run Behavior\BuildLiteBehavior [ RunTime:0.000022s ]
INFO: [ app_init ] --END-- [ RunTime:0.000428s ]
INFO: [ app_begin ] --START--
INFO: Run Behavior\ReadHtmlCacheBehavior [ RunTime:0.000562s ]
INFO: [ app_begin ] --END-- [ RunTime:0.000660s ]
SQL: SHOW COLUMNS FROM `t_slider_panel_image` [ RunTime:0.0015s ]
INFO: [ view_parse ] --START--
INFO: Run Behavior\ParseTemplateBehavior [ RunTime:0.012469s ]
INFO: [ view_parse ] --END-- [ RunTime:0.012572s ]
INFO: [ view_filter ] --START--
INFO: Run Behavior\WriteHtmlCacheBehavior [ RunTime:0.000194s ]
INFO: [ view_filter ] --END-- [ RunTime:0.000280s ]
INFO: [ app_end ] --START--
INFO: Run Behavior\ShowPageTraceBehavior [ RunTime:0.000612s ]
INFO: [ app_end ] --END-- [ RunTime:0.000701s ]

[ 2015-06-23T17:27:06+08:00 ] 192.168.16.46 /manage/focus/focuslist
INFO: [ app_init ] --START--
INFO: Run Behavior\BuildLiteBehavior [ RunTime:0.000022s ]
INFO: [ app_init ] --END-- [ RunTime:0.000449s ]
INFO: [ app_begin ] --START--
INFO: Run Behavior\ReadHtmlCacheBehavior [ RunTime:0.000565s ]
INFO: [ app_begin ] --END-- [ RunTime:0.000661s ]
SQL: SHOW COLUMNS FROM `t_slider_panel_image` [ RunTime:0.0014s ]
NOTIC: [2] Missing argument 1 for Manage\Model\FocusModel::getFocusList(), called in /home/yzserver/www/admin_imed_me/admin/Manage/Controller/FocusController.class.php on line 21 and defined /home/yzserver/www/admin_imed_me/admin/Manage/Model/FocusModel.class.php 第 14 行.
NOTIC: [2] Missing argument 2 for Manage\Model\FocusModel::getFocusList(), called in /home/yzserver/www/admin_imed_me/admin/Manage/Controller/FocusController.class.php on line 21 and defined /home/yzserver/www/admin_imed_me/admin/Manage/Model/FocusModel.class.php 第 14 行.
SQL: SET NAMES utf8 [ RunTime:0.0002s ]
SQL: SELECT id, title, url, CONCAT('focuslist/',img_url) AS imgurl, level, start_time, end_time, status FROM t_slider_panel_image WHERE status !=2 ORDER BY create_time DESC [ RunTime:0.0004s ]
INFO: [ view_parse ] --START--
INFO: Run Behavior\ParseTemplateBehavior [ RunTime:0.013821s ]
INFO: [ view_parse ] --END-- [ RunTime:0.013917s ]
INFO: [ view_filter ] --START--
INFO: Run Behavior\WriteHtmlCacheBehavior [ RunTime:0.000213s ]
INFO: [ view_filter ] --END-- [ RunTime:0.000302s ]
INFO: [ app_end ] --START--
INFO: Run Behavior\ShowPageTraceBehavior [ RunTime:0.000593s ]
INFO: [ app_end ] --END-- [ RunTime:0.000682s ]

