[ 2015-06-19T16:27:39+08:00 ] 192.168.16.52 /manage/focus/focuslist
INFO: [ app_init ] --START--
INFO: Run Behavior\BuildLiteBehavior [ RunTime:0.000023s ]
INFO: [ app_init ] --END-- [ RunTime:0.000446s ]
INFO: [ app_begin ] --START--
INFO: Run Behavior\ReadHtmlCacheBehavior [ RunTime:0.000582s ]
INFO: [ app_begin ] --END-- [ RunTime:0.000684s ]
SQL: SHOW COLUMNS FROM `t_slider_panel_image` [ RunTime:0.0014s ]
NOTIC: [2] Missing argument 1 for Manage\Model\FocusModel::getFocusList(), called in /home/yzserver/www/admin_imed_me/admin/Manage/Controller/FocusController.class.php on line 21 and defined /home/yzserver/www/admin_imed_me/admin/Manage/Model/FocusModel.class.php 第 14 行.
NOTIC: [2] Missing argument 2 for Manage\Model\FocusModel::getFocusList(), called in /home/yzserver/www/admin_imed_me/admin/Manage/Controller/FocusController.class.php on line 21 and defined /home/yzserver/www/admin_imed_me/admin/Manage/Model/FocusModel.class.php 第 14 行.
SQL: SET NAMES utf8 [ RunTime:0.0002s ]
SQL: SELECT id, title, url, CONCAT('focuslist/',img_url) AS imgurl, level, start_time, end_time, status FROM t_slider_panel_image WHERE status !=2 ORDER BY create_time DESC [ RunTime:0.0004s ]
INFO: [ view_parse ] --START--
NOTIC: [2] filemtime(): stat failed for /yzserver/www/admin_imed_me/admin/Runtime/Cache/aba4a848444b9a212170d1181cd538a0e74693c5.file.focuslist.htm.php /home/yzserver/www/ThinkPHPLIB/Library/Vendor/Smarty/sysplugins/smarty_resource.php 第 683 行.
NOTIC: [2] unlink(/yzserver/www/admin_imed_me/admin/Runtime/Cache/aba4a848444b9a212170d1181cd538a0e74693c5.file.focuslist.htm.php): No such file or directory /home/yzserver/www/ThinkPHPLIB/Library/Vendor/Smarty/sysplugins/smarty_internal_write_file.php 第 49 行.
NOTIC: [2] filemtime(): stat failed for /yzserver/www/admin_imed_me/menu.htm /home/yzserver/www/ThinkPHPLIB/Library/Vendor/Smarty/sysplugins/smarty_resource.php 第 315 行.
ERR: Unable to load template file '/yzserver/www/admin_imed_me//menu.htm' in 'Focus/focuslist.htm'

[ 2015-06-19T16:28:14+08:00 ] 192.168.16.52 /manage/focus/focuslist
INFO: [ app_init ] --START--
INFO: Run Behavior\BuildLiteBehavior [ RunTime:0.000022s ]
INFO: [ app_init ] --END-- [ RunTime:0.000429s ]
INFO: [ app_begin ] --START--
INFO: Run Behavior\ReadHtmlCacheBehavior [ RunTime:0.000550s ]
INFO: [ app_begin ] --END-- [ RunTime:0.000645s ]
SQL: SHOW COLUMNS FROM `t_slider_panel_image` [ RunTime:0.0015s ]
NOTIC: [2] Missing argument 1 for Manage\Model\FocusModel::getFocusList(), called in /home/yzserver/www/admin_imed_me/admin/Manage/Controller/FocusController.class.php on line 21 and defined /home/yzserver/www/admin_imed_me/admin/Manage/Model/FocusModel.class.php 第 14 行.
NOTIC: [2] Missing argument 2 for Manage\Model\FocusModel::getFocusList(), called in /home/yzserver/www/admin_imed_me/admin/Manage/Controller/FocusController.class.php on line 21 and defined /home/yzserver/www/admin_imed_me/admin/Manage/Model/FocusModel.class.php 第 14 行.
SQL: SET NAMES utf8 [ RunTime:0.0002s ]
SQL: SELECT id, title, url, CONCAT('focuslist/',img_url) AS imgurl, level, start_time, end_time, status FROM t_slider_panel_image WHERE status !=2 ORDER BY create_time DESC [ RunTime:0.0005s ]
INFO: [ view_parse ] --START--
INFO: Run Behavior\ParseTemplateBehavior [ RunTime:0.015238s ]
INFO: [ view_parse ] --END-- [ RunTime:0.015339s ]
INFO: [ view_filter ] --START--
INFO: Run Behavior\WriteHtmlCacheBehavior [ RunTime:0.000206s ]
INFO: [ view_filter ] --END-- [ RunTime:0.000306s ]
INFO: [ app_end ] --START--
INFO: Run Behavior\ShowPageTraceBehavior [ RunTime:0.000667s ]
INFO: [ app_end ] --END-- [ RunTime:0.000760s ]

[ 2015-06-19T16:28:19+08:00 ] 192.168.16.52 /manage/focus/focuslist
INFO: [ app_init ] --START--
INFO: Run Behavior\BuildLiteBehavior [ RunTime:0.000022s ]
INFO: [ app_init ] --END-- [ RunTime:0.000444s ]
INFO: [ app_begin ] --START--
INFO: Run Behavior\ReadHtmlCacheBehavior [ RunTime:0.000564s ]
INFO: [ app_begin ] --END-- [ RunTime:0.000664s ]
SQL: SHOW COLUMNS FROM `t_slider_panel_image` [ RunTime:0.0015s ]
NOTIC: [2] Missing argument 1 for Manage\Model\FocusModel::getFocusList(), called in /home/yzserver/www/admin_imed_me/admin/Manage/Controller/FocusController.class.php on line 21 and defined /home/yzserver/www/admin_imed_me/admin/Manage/Model/FocusModel.class.php 第 14 行.
NOTIC: [2] Missing argument 2 for Manage\Model\FocusModel::getFocusList(), called in /home/yzserver/www/admin_imed_me/admin/Manage/Controller/FocusController.class.php on line 21 and defined /home/yzserver/www/admin_imed_me/admin/Manage/Model/FocusModel.class.php 第 14 行.
SQL: SET NAMES utf8 [ RunTime:0.0002s ]
SQL: SELECT id, title, url, CONCAT('focuslist/',img_url) AS imgurl, level, start_time, end_time, status FROM t_slider_panel_image WHERE status !=2 ORDER BY create_time DESC [ RunTime:0.0004s ]
INFO: [ view_parse ] --START--
INFO: Run Behavior\ParseTemplateBehavior [ RunTime:0.013859s ]
INFO: [ view_parse ] --END-- [ RunTime:0.013970s ]
INFO: [ view_filter ] --START--
INFO: Run Behavior\WriteHtmlCacheBehavior [ RunTime:0.000193s ]
INFO: [ view_filter ] --END-- [ RunTime:0.000294s ]
INFO: [ app_end ] --START--
INFO: Run Behavior\ShowPageTraceBehavior [ RunTime:0.000583s ]
INFO: [ app_end ] --END-- [ RunTime:0.000690s ]

[ 2015-06-19T16:28:22+08:00 ] 192.168.16.52 /manage/focus/focuslist
INFO: [ app_init ] --START--
INFO: Run Behavior\BuildLiteBehavior [ RunTime:0.000022s ]
INFO: [ app_init ] --END-- [ RunTime:0.000427s ]
INFO: [ app_begin ] --START--
INFO: Run Behavior\ReadHtmlCacheBehavior [ RunTime:0.000552s ]
INFO: [ app_begin ] --END-- [ RunTime:0.000649s ]
SQL: SHOW COLUMNS FROM `t_slider_panel_image` [ RunTime:0.0015s ]
NOTIC: [2] Missing argument 1 for Manage\Model\FocusModel::getFocusList(), called in /home/yzserver/www/admin_imed_me/admin/Manage/Controller/FocusController.class.php on line 21 and defined /home/yzserver/www/admin_imed_me/admin/Manage/Model/FocusModel.class.php 第 14 行.
NOTIC: [2] Missing argument 2 for Manage\Model\FocusModel::getFocusList(), called in /home/yzserver/www/admin_imed_me/admin/Manage/Controller/FocusController.class.php on line 21 and defined /home/yzserver/www/admin_imed_me/admin/Manage/Model/FocusModel.class.php 第 14 行.
SQL: SET NAMES utf8 [ RunTime:0.0002s ]
SQL: SELECT id, title, url, CONCAT('focuslist/',img_url) AS imgurl, level, start_time, end_time, status FROM t_slider_panel_image WHERE status !=2 ORDER BY create_time DESC [ RunTime:0.0004s ]
INFO: [ view_parse ] --START--
INFO: Run Behavior\ParseTemplateBehavior [ RunTime:0.014710s ]
INFO: [ view_parse ] --END-- [ RunTime:0.014808s ]
INFO: [ view_filter ] --START--
INFO: Run Behavior\WriteHtmlCacheBehavior [ RunTime:0.000192s ]
INFO: [ view_filter ] --END-- [ RunTime:0.000289s ]
INFO: [ app_end ] --START--
INFO: Run Behavior\ShowPageTraceBehavior [ RunTime:0.000638s ]
INFO: [ app_end ] --END-- [ RunTime:0.000733s ]

[ 2015-06-19T16:28:30+08:00 ] 192.168.16.52 /manage/secret/secretlist
INFO: [ app_init ] --START--
INFO: Run Behavior\BuildLiteBehavior [ RunTime:0.000023s ]
INFO: [ app_init ] --END-- [ RunTime:0.000444s ]
INFO: [ app_begin ] --START--
INFO: Run Behavior\ReadHtmlCacheBehavior [ RunTime:0.000563s ]
INFO: [ app_begin ] --END-- [ RunTime:0.000660s ]
SQL: SHOW COLUMNS FROM `t_slider_panel_image` [ RunTime:0.0015s ]
SQL: SET NAMES utf8 [ RunTime:0.0002s ]
SQL: SELECT a.id,a.user_id,a.uptimes,a.type,a.status,a.content,a.create_time,b.user_uid as mobile,c.user_name as name
				FROM t_secret a LEFT JOIN t_user_info  b ON a.user_id=b.id  LEFT JOIN t_personal_info c ON a.user_id=c.user_id
				WHERE 1=1 ORDER BY create_time DESC [ RunTime:0.0023s ]
INFO: [ view_parse ] --START--
NOTIC: [2] filemtime(): stat failed for /yzserver/www/admin_imed_me/admin/Runtime/Cache/32335bff3b0a4eccfa858ca0c10a821ca3dec663.file.secretlist.htm.php /home/yzserver/www/ThinkPHPLIB/Library/Vendor/Smarty/sysplugins/smarty_resource.php 第 683 行.
NOTIC: [2] unlink(/yzserver/www/admin_imed_me/admin/Runtime/Cache/32335bff3b0a4eccfa858ca0c10a821ca3dec663.file.secretlist.htm.php): No such file or directory /home/yzserver/www/ThinkPHPLIB/Library/Vendor/Smarty/sysplugins/smarty_internal_write_file.php 第 49 行.
INFO: Run Behavior\ParseTemplateBehavior [ RunTime:0.228260s ]
INFO: [ view_parse ] --END-- [ RunTime:0.228364s ]
INFO: [ view_filter ] --START--
INFO: Run Behavior\WriteHtmlCacheBehavior [ RunTime:0.000203s ]
INFO: [ view_filter ] --END-- [ RunTime:0.000291s ]
INFO: [ app_end ] --START--
INFO: Run Behavior\ShowPageTraceBehavior [ RunTime:0.000695s ]
INFO: [ app_end ] --END-- [ RunTime:0.000790s ]

[ 2015-06-19T16:28:32+08:00 ] 192.168.16.52 /manage/focus/focuslist
INFO: [ app_init ] --START--
INFO: Run Behavior\BuildLiteBehavior [ RunTime:0.000022s ]
INFO: [ app_init ] --END-- [ RunTime:0.000443s ]
INFO: [ app_begin ] --START--
INFO: Run Behavior\ReadHtmlCacheBehavior [ RunTime:0.000560s ]
INFO: [ app_begin ] --END-- [ RunTime:0.000658s ]
SQL: SHOW COLUMNS FROM `t_slider_panel_image` [ RunTime:0.0015s ]
NOTIC: [2] Missing argument 1 for Manage\Model\FocusModel::getFocusList(), called in /home/yzserver/www/admin_imed_me/admin/Manage/Controller/FocusController.class.php on line 21 and defined /home/yzserver/www/admin_imed_me/admin/Manage/Model/FocusModel.class.php 第 14 行.
NOTIC: [2] Missing argument 2 for Manage\Model\FocusModel::getFocusList(), called in /home/yzserver/www/admin_imed_me/admin/Manage/Controller/FocusController.class.php on line 21 and defined /home/yzserver/www/admin_imed_me/admin/Manage/Model/FocusModel.class.php 第 14 行.
SQL: SET NAMES utf8 [ RunTime:0.0002s ]
SQL: SELECT id, title, url, CONCAT('focuslist/',img_url) AS imgurl, level, start_time, end_time, status FROM t_slider_panel_image WHERE status !=2 ORDER BY create_time DESC [ RunTime:0.0004s ]
INFO: [ view_parse ] --START--
INFO: Run Behavior\ParseTemplateBehavior [ RunTime:0.014883s ]
INFO: [ view_parse ] --END-- [ RunTime:0.014981s ]
INFO: [ view_filter ] --START--
INFO: Run Behavior\WriteHtmlCacheBehavior [ RunTime:0.000198s ]
INFO: [ view_filter ] --END-- [ RunTime:0.000306s ]
INFO: [ app_end ] --START--
INFO: Run Behavior\ShowPageTraceBehavior [ RunTime:0.000653s ]
INFO: [ app_end ] --END-- [ RunTime:0.000746s ]

[ 2015-06-19T16:29:35+08:00 ] 192.168.16.52 /manage/focus/focuslist
INFO: [ app_init ] --START--
INFO: Run Behavior\BuildLiteBehavior [ RunTime:0.000023s ]
INFO: [ app_init ] --END-- [ RunTime:0.000458s ]
INFO: [ app_begin ] --START--
INFO: Run Behavior\ReadHtmlCacheBehavior [ RunTime:0.000582s ]
INFO: [ app_begin ] --END-- [ RunTime:0.000678s ]
SQL: SHOW COLUMNS FROM `t_slider_panel_image` [ RunTime:0.0014s ]
NOTIC: [2] Missing argument 1 for Manage\Model\FocusModel::getFocusList(), called in /home/yzserver/www/admin_imed_me/admin/Manage/Controller/FocusController.class.php on line 21 and defined /home/yzserver/www/admin_imed_me/admin/Manage/Model/FocusModel.class.php 第 14 行.
NOTIC: [2] Missing argument 2 for Manage\Model\FocusModel::getFocusList(), called in /home/yzserver/www/admin_imed_me/admin/Manage/Controller/FocusController.class.php on line 21 and defined /home/yzserver/www/admin_imed_me/admin/Manage/Model/FocusModel.class.php 第 14 行.
SQL: SET NAMES utf8 [ RunTime:0.0002s ]
SQL: SELECT id, title, url, CONCAT('focuslist/',img_url) AS imgurl, level, start_time, end_time, status FROM t_slider_panel_image WHERE status !=2 ORDER BY create_time DESC [ RunTime:0.0004s ]
INFO: [ view_parse ] --START--
INFO: Run Behavior\ParseTemplateBehavior [ RunTime:0.014848s ]
INFO: [ view_parse ] --END-- [ RunTime:0.014957s ]
INFO: [ view_filter ] --START--
INFO: Run Behavior\WriteHtmlCacheBehavior [ RunTime:0.000198s ]
INFO: [ view_filter ] --END-- [ RunTime:0.000294s ]
INFO: [ app_end ] --START--
INFO: Run Behavior\ShowPageTraceBehavior [ RunTime:0.000653s ]
INFO: [ app_end ] --END-- [ RunTime:0.000746s ]

[ 2015-06-19T16:29:38+08:00 ] 192.168.16.52 /manage/focus/focusdel/
INFO: [ app_init ] --START--
INFO: Run Behavior\BuildLiteBehavior [ RunTime:0.000022s ]
INFO: [ app_init ] --END-- [ RunTime:0.000427s ]
INFO: [ app_begin ] --START--
INFO: Run Behavior\ReadHtmlCacheBehavior [ RunTime:0.000549s ]
INFO: [ app_begin ] --END-- [ RunTime:0.000640s ]
SQL: SHOW COLUMNS FROM `t_slider_panel_image` [ RunTime:0.0015s ]
SQL: SET NAMES utf8 [ RunTime:0.0002s ]
SQL: UPDATE t_slider_panel_image SET status = 2 WHERE id = 16 [ RunTime:0.0212s ]

[ 2015-06-19T16:29:39+08:00 ] 192.168.16.52 /manage/focus/focuslist
INFO: [ app_init ] --START--
INFO: Run Behavior\BuildLiteBehavior [ RunTime:0.000023s ]
INFO: [ app_init ] --END-- [ RunTime:0.000448s ]
INFO: [ app_begin ] --START--
INFO: Run Behavior\ReadHtmlCacheBehavior [ RunTime:0.000569s ]
INFO: [ app_begin ] --END-- [ RunTime:0.000666s ]
SQL: SHOW COLUMNS FROM `t_slider_panel_image` [ RunTime:0.0014s ]
NOTIC: [2] Missing argument 1 for Manage\Model\FocusModel::getFocusList(), called in /home/yzserver/www/admin_imed_me/admin/Manage/Controller/FocusController.class.php on line 21 and defined /home/yzserver/www/admin_imed_me/admin/Manage/Model/FocusModel.class.php 第 14 行.
NOTIC: [2] Missing argument 2 for Manage\Model\FocusModel::getFocusList(), called in /home/yzserver/www/admin_imed_me/admin/Manage/Controller/FocusController.class.php on line 21 and defined /home/yzserver/www/admin_imed_me/admin/Manage/Model/FocusModel.class.php 第 14 行.
SQL: SET NAMES utf8 [ RunTime:0.0002s ]
SQL: SELECT id, title, url, CONCAT('focuslist/',img_url) AS imgurl, level, start_time, end_time, status FROM t_slider_panel_image WHERE status !=2 ORDER BY create_time DESC [ RunTime:0.0004s ]
INFO: [ view_parse ] --START--
INFO: Run Behavior\ParseTemplateBehavior [ RunTime:0.013634s ]
INFO: [ view_parse ] --END-- [ RunTime:0.013742s ]
INFO: [ view_filter ] --START--
INFO: Run Behavior\WriteHtmlCacheBehavior [ RunTime:0.000189s ]
INFO: [ view_filter ] --END-- [ RunTime:0.000279s ]
INFO: [ app_end ] --START--
INFO: Run Behavior\ShowPageTraceBehavior [ RunTime:0.000595s ]
INFO: [ app_end ] --END-- [ RunTime:0.000684s ]

[ 2015-06-19T16:30:12+08:00 ] 192.168.16.52 /manage/secret/secretlist
INFO: [ app_init ] --START--
INFO: Run Behavior\BuildLiteBehavior [ RunTime:0.000022s ]
INFO: [ app_init ] --END-- [ RunTime:0.000448s ]
INFO: [ app_begin ] --START--
INFO: Run Behavior\ReadHtmlCacheBehavior [ RunTime:0.000565s ]
INFO: [ app_begin ] --END-- [ RunTime:0.000663s ]
SQL: SHOW COLUMNS FROM `t_slider_panel_image` [ RunTime:0.0014s ]
SQL: SET NAMES utf8 [ RunTime:0.0002s ]
SQL: SELECT a.id,a.user_id,a.uptimes,a.type,a.status,a.content,a.create_time,b.user_uid as mobile,c.user_name as name
				FROM t_secret a LEFT JOIN t_user_info  b ON a.user_id=b.id  LEFT JOIN t_personal_info c ON a.user_id=c.user_id
				WHERE 1=1 ORDER BY create_time DESC [ RunTime:0.0024s ]
INFO: [ view_parse ] --START--
INFO: Run Behavior\ParseTemplateBehavior [ RunTime:0.014424s ]
INFO: [ view_parse ] --END-- [ RunTime:0.014524s ]
INFO: [ view_filter ] --START--
INFO: Run Behavior\WriteHtmlCacheBehavior [ RunTime:0.000192s ]
INFO: [ view_filter ] --END-- [ RunTime:0.000294s ]
INFO: [ app_end ] --START--
INFO: Run Behavior\ShowPageTraceBehavior [ RunTime:0.000577s ]
INFO: [ app_end ] --END-- [ RunTime:0.000670s ]

[ 2015-06-19T16:30:19+08:00 ] 192.168.16.52 /manage/focus/focuslist
INFO: [ app_init ] --START--
INFO: Run Behavior\BuildLiteBehavior [ RunTime:0.000023s ]
INFO: [ app_init ] --END-- [ RunTime:0.000429s ]
INFO: [ app_begin ] --START--
INFO: Run Behavior\ReadHtmlCacheBehavior [ RunTime:0.000547s ]
INFO: [ app_begin ] --END-- [ RunTime:0.000645s ]
SQL: SHOW COLUMNS FROM `t_slider_panel_image` [ RunTime:0.0015s ]
NOTIC: [2] Missing argument 1 for Manage\Model\FocusModel::getFocusList(), called in /home/yzserver/www/admin_imed_me/admin/Manage/Controller/FocusController.class.php on line 21 and defined /home/yzserver/www/admin_imed_me/admin/Manage/Model/FocusModel.class.php 第 14 行.
NOTIC: [2] Missing argument 2 for Manage\Model\FocusModel::getFocusList(), called in /home/yzserver/www/admin_imed_me/admin/Manage/Controller/FocusController.class.php on line 21 and defined /home/yzserver/www/admin_imed_me/admin/Manage/Model/FocusModel.class.php 第 14 行.
SQL: SET NAMES utf8 [ RunTime:0.0002s ]
SQL: SELECT id, title, url, CONCAT('focuslist/',img_url) AS imgurl, level, start_time, end_time, status FROM t_slider_panel_image WHERE status !=2 ORDER BY create_time DESC [ RunTime:0.0004s ]
INFO: [ view_parse ] --START--
INFO: Run Behavior\ParseTemplateBehavior [ RunTime:0.013779s ]
INFO: [ view_parse ] --END-- [ RunTime:0.013878s ]
INFO: [ view_filter ] --START--
INFO: Run Behavior\WriteHtmlCacheBehavior [ RunTime:0.000204s ]
INFO: [ view_filter ] --END-- [ RunTime:0.000293s ]
INFO: [ app_end ] --START--
INFO: Run Behavior\ShowPageTraceBehavior [ RunTime:0.000583s ]
INFO: [ app_end ] --END-- [ RunTime:0.000671s ]

[ 2015-06-19T16:30:37+08:00 ] 192.168.16.52 /manage/focus/focuslist
INFO: [ app_init ] --START--
INFO: Run Behavior\BuildLiteBehavior [ RunTime:0.000023s ]
INFO: [ app_init ] --END-- [ RunTime:0.000440s ]
INFO: [ app_begin ] --START--
INFO: Run Behavior\ReadHtmlCacheBehavior [ RunTime:0.000563s ]
INFO: [ app_begin ] --END-- [ RunTime:0.000661s ]
SQL: SHOW COLUMNS FROM `t_slider_panel_image` [ RunTime:0.0015s ]
NOTIC: [2] Missing argument 1 for Manage\Model\FocusModel::getFocusList(), called in /home/yzserver/www/admin_imed_me/admin/Manage/Controller/FocusController.class.php on line 21 and defined /home/yzserver/www/admin_imed_me/admin/Manage/Model/FocusModel.class.php 第 14 行.
NOTIC: [2] Missing argument 2 for Manage\Model\FocusModel::getFocusList(), called in /home/yzserver/www/admin_imed_me/admin/Manage/Controller/FocusController.class.php on line 21 and defined /home/yzserver/www/admin_imed_me/admin/Manage/Model/FocusModel.class.php 第 14 行.
SQL: SET NAMES utf8 [ RunTime:0.0002s ]
SQL: SELECT id, title, url, CONCAT('focuslist/',img_url) AS imgurl, level, start_time, end_time, status FROM t_slider_panel_image WHERE status !=2 ORDER BY create_time DESC [ RunTime:0.0005s ]
INFO: [ view_parse ] --START--
INFO: Run Behavior\ParseTemplateBehavior [ RunTime:0.014975s ]
INFO: [ view_parse ] --END-- [ RunTime:0.015074s ]
INFO: [ view_filter ] --START--
INFO: Run Behavior\WriteHtmlCacheBehavior [ RunTime:0.000202s ]
INFO: [ view_filter ] --END-- [ RunTime:0.000296s ]
INFO: [ app_end ] --START--
INFO: Run Behavior\ShowPageTraceBehavior [ RunTime:0.000652s ]
INFO: [ app_end ] --END-- [ RunTime:0.000746s ]

[ 2015-06-19T16:30:39+08:00 ] 192.168.16.52 /manage/secret/secretlist
INFO: [ app_init ] --START--
INFO: Run Behavior\BuildLiteBehavior [ RunTime:0.000024s ]
INFO: [ app_init ] --END-- [ RunTime:0.000458s ]
INFO: [ app_begin ] --START--
INFO: Run Behavior\ReadHtmlCacheBehavior [ RunTime:0.000570s ]
INFO: [ app_begin ] --END-- [ RunTime:0.000667s ]
SQL: SHOW COLUMNS FROM `t_slider_panel_image` [ RunTime:0.0014s ]
SQL: SET NAMES utf8 [ RunTime:0.0002s ]
SQL: SELECT a.id,a.user_id,a.uptimes,a.type,a.status,a.content,a.create_time,b.user_uid as mobile,c.user_name as name
				FROM t_secret a LEFT JOIN t_user_info  b ON a.user_id=b.id  LEFT JOIN t_personal_info c ON a.user_id=c.user_id
				WHERE 1=1 ORDER BY create_time DESC [ RunTime:0.0022s ]
INFO: [ view_parse ] --START--
INFO: Run Behavior\ParseTemplateBehavior [ RunTime:0.014253s ]
INFO: [ view_parse ] --END-- [ RunTime:0.014354s ]
INFO: [ view_filter ] --START--
INFO: Run Behavior\WriteHtmlCacheBehavior [ RunTime:0.000197s ]
INFO: [ view_filter ] --END-- [ RunTime:0.000283s ]
INFO: [ app_end ] --START--
INFO: Run Behavior\ShowPageTraceBehavior [ RunTime:0.000573s ]
INFO: [ app_end ] --END-- [ RunTime:0.000666s ]

[ 2015-06-19T16:30:41+08:00 ] 192.168.16.52 /manage/focus/focuslist
INFO: [ app_init ] --START--
INFO: Run Behavior\BuildLiteBehavior [ RunTime:0.000022s ]
INFO: [ app_init ] --END-- [ RunTime:0.000446s ]
INFO: [ app_begin ] --START--
INFO: Run Behavior\ReadHtmlCacheBehavior [ RunTime:0.000566s ]
INFO: [ app_begin ] --END-- [ RunTime:0.000663s ]
SQL: SHOW COLUMNS FROM `t_slider_panel_image` [ RunTime:0.0015s ]
NOTIC: [2] Missing argument 1 for Manage\Model\FocusModel::getFocusList(), called in /home/yzserver/www/admin_imed_me/admin/Manage/Controller/FocusController.class.php on line 21 and defined /home/yzserver/www/admin_imed_me/admin/Manage/Model/FocusModel.class.php 第 14 行.
NOTIC: [2] Missing argument 2 for Manage\Model\FocusModel::getFocusList(), called in /home/yzserver/www/admin_imed_me/admin/Manage/Controller/FocusController.class.php on line 21 and defined /home/yzserver/www/admin_imed_me/admin/Manage/Model/FocusModel.class.php 第 14 行.
SQL: SET NAMES utf8 [ RunTime:0.0002s ]
SQL: SELECT id, title, url, CONCAT('focuslist/',img_url) AS imgurl, level, start_time, end_time, status FROM t_slider_panel_image WHERE status !=2 ORDER BY create_time DESC [ RunTime:0.0005s ]
INFO: [ view_parse ] --START--
INFO: Run Behavior\ParseTemplateBehavior [ RunTime:0.013672s ]
INFO: [ view_parse ] --END-- [ RunTime:0.013768s ]
INFO: [ view_filter ] --START--
INFO: Run Behavior\WriteHtmlCacheBehavior [ RunTime:0.000187s ]
INFO: [ view_filter ] --END-- [ RunTime:0.000276s ]
INFO: [ app_end ] --START--
INFO: Run Behavior\ShowPageTraceBehavior [ RunTime:0.000602s ]
INFO: [ app_end ] --END-- [ RunTime:0.000692s ]

